TN:
SF:/Users/shawn/Files/Project/react-dashboard/src/Theme.tsx
FN:82,(anonymous_0)
FNF:1
FNH:0
FNDA:0,(anonymous_0)
DA:2,0
DA:3,0
DA:4,0
DA:5,0
DA:6,0
DA:9,0
DA:80,0
DA:82,0
DA:83,0
DA:84,0
DA:85,0
DA:86,0
DA:88,0
DA:92,0
LF:14
LH:0
BRDA:87,0,0,0
BRDA:87,0,1,0
BRF:2
BRH:0
end_of_record
TN:
SF:/Users/shawn/Files/Project/react-dashboard/src/config.ts
FN:2,(anonymous_0)
FN:3,(anonymous_1)
FNF:2
FNH:0
FNDA:0,(anonymous_0)
FNDA:0,(anonymous_1)
DA:2,0
DA:3,0
DA:4,0
DA:5,0
DA:6,0
DA:7,0
DA:9,0
DA:11,0
DA:13,0
DA:14,0
DA:15,0
DA:22,0
DA:23,0
LF:13
LH:0
BRDA:2,0,0,0
BRDA:2,0,1,0
BRDA:2,0,2,0
BRDA:3,1,0,0
BRDA:3,1,1,0
BRDA:6,2,0,0
BRDA:6,2,1,0
BRF:7
BRH:0
end_of_record
TN:
SF:/Users/shawn/Files/Project/react-dashboard/src/index.tsx
FN:12,(anonymous_0)
FNF:1
FNH:0
FNDA:0,(anonymous_0)
DA:2,0
DA:3,0
DA:4,0
DA:5,0
DA:6,0
DA:7,0
DA:8,0
DA:9,0
DA:10,0
DA:13,0
DA:14,0
DA:18,0
DA:19,0
DA:23,0
DA:24,0
DA:25,0
DA:26,0
DA:27,0
DA:28,0
LF:19
LH:0
BRDA:18,0,0,0
BRDA:18,0,1,0
BRF:2
BRH:0
end_of_record
TN:
SF:/Users/shawn/Files/Project/react-dashboard/src/override.ts
FNF:0
FNH:0
DA:2,0
DA:3,0
DA:4,0
DA:5,0
DA:6,0
DA:9,0
LF:6
LH:0
BRF:0
BRH:0
end_of_record
TN:
SF:/Users/shawn/Files/Project/react-dashboard/src/router.tsx
FN:8,(anonymous_0)
FNF:1
FNH:0
FNDA:0,(anonymous_0)
DA:2,0
DA:3,0
DA:4,0
DA:5,0
DA:6,0
DA:7,0
DA:8,0
DA:9,0
DA:10,0
LF:9
LH:0
BRF:0
BRH:0
end_of_record
TN:
SF:/Users/shawn/Files/Project/react-dashboard/src/components/Layout.tsx
FN:2,(anonymous_0)
FN:3,(anonymous_1)
FN:5,(anonymous_2)
FN:6,(anonymous_3)
FN:9,(anonymous_4)
FN:11,__
FN:15,(anonymous_6)
FN:16,(anonymous_7)
FN:26,(anonymous_8)
FN:42,(anonymous_9)
FN:46,(anonymous_10)
FN:50,(anonymous_11)
FN:84,(anonymous_12)
FN:171,(anonymous_13)
FN:176,(anonymous_14)
FN:178,class_1
FN:192,(anonymous_16)
FN:195,(anonymous_17)
FN:196,(anonymous_18)
FN:224,(anonymous_19)
FN:253,(anonymous_20)
FN:259,(anonymous_21)
FN:261,(anonymous_22)
FN:273,(anonymous_23)
FN:278,(anonymous_24)
FN:283,(anonymous_25)
FN:285,(anonymous_26)
FN:294,(anonymous_27)
FN:299,(anonymous_28)
FN:301,(anonymous_29)
FN:305,(anonymous_30)
FN:307,(anonymous_31)
FN:323,(anonymous_32)
FN:327,(anonymous_33)
FN:330,(anonymous_34)
FN:337,(anonymous_35)
FN:339,(anonymous_36)
FNF:37
FNH:0
FNDA:0,(anonymous_0)
FNDA:0,(anonymous_1)
FNDA:0,(anonymous_2)
FNDA:0,(anonymous_3)
FNDA:0,(anonymous_4)
FNDA:0,__
FNDA:0,(anonymous_6)
FNDA:0,(anonymous_7)
FNDA:0,(anonymous_8)
FNDA:0,(anonymous_9)
FNDA:0,(anonymous_10)
FNDA:0,(anonymous_11)
FNDA:0,(anonymous_12)
FNDA:0,(anonymous_13)
FNDA:0,(anonymous_14)
FNDA:0,class_1
FNDA:0,(anonymous_16)
FNDA:0,(anonymous_17)
FNDA:0,(anonymous_18)
FNDA:0,(anonymous_19)
FNDA:0,(anonymous_20)
FNDA:0,(anonymous_21)
FNDA:0,(anonymous_22)
FNDA:0,(anonymous_23)
FNDA:0,(anonymous_24)
FNDA:0,(anonymous_25)
FNDA:0,(anonymous_26)
FNDA:0,(anonymous_27)
FNDA:0,(anonymous_28)
FNDA:0,(anonymous_29)
FNDA:0,(anonymous_30)
FNDA:0,(anonymous_31)
FNDA:0,(anonymous_32)
FNDA:0,(anonymous_33)
FNDA:0,(anonymous_34)
FNDA:0,(anonymous_35)
FNDA:0,(anonymous_36)
DA:2,0
DA:3,0
DA:4,0
DA:5,0
DA:6,0
DA:7,0
DA:9,0
DA:10,0
DA:11,0
DA:12,0
DA:15,0
DA:16,0
DA:17,0
DA:18,0
DA:19,0
DA:20,0
DA:22,0
DA:24,0
DA:26,0
DA:27,0
DA:28,0
DA:29,0
DA:30,0
DA:31,0
DA:33,0
DA:35,0
DA:36,0
DA:38,0
DA:40,0
DA:42,0
DA:43,0
DA:44,0
DA:46,0
DA:47,0
DA:48,0
DA:49,0
DA:51,0
DA:52,0
DA:56,0
DA:57,0
DA:58,0
DA:59,0
DA:60,0
DA:61,0
DA:62,0
DA:63,0
DA:64,0
DA:65,0
DA:66,0
DA:67,0
DA:68,0
DA:69,0
DA:70,0
DA:71,0
DA:72,0
DA:73,0
DA:74,0
DA:75,0
DA:76,0
DA:77,0
DA:78,0
DA:79,0
DA:80,0
DA:81,0
DA:82,0
DA:83,0
DA:84,0
DA:86,0
DA:171,0
DA:172,0
DA:173,0
DA:177,0
DA:179,0
DA:180,0
DA:185,0
DA:186,0
DA:187,0
DA:188,0
DA:189,0
DA:190,0
DA:192,0
DA:194,0
DA:195,0
DA:196,0
DA:197,0
DA:198,0
DA:201,0
DA:205,0
DA:206,0
DA:207,0
DA:208,0
DA:209,0
DA:216,0
DA:218,0
DA:219,0
DA:221,0
DA:224,0
DA:226,0
DA:253,0
DA:254,0
DA:259,0
DA:260,0
DA:261,0
DA:262,0
DA:263,0
DA:265,0
DA:266,0
DA:267,0
DA:272,0
DA:273,0
DA:278,0
DA:279,0
DA:283,0
DA:284,0
DA:285,0
DA:286,0
DA:287,0
DA:289,0
DA:294,0
DA:295,0
DA:299,0
DA:300,0
DA:301,0
DA:302,0
DA:305,0
DA:306,0
DA:307,0
DA:308,0
DA:323,0
DA:327,0
DA:330,0
DA:332,0
DA:337,0
DA:338,0
DA:339,0
DA:340,0
DA:341,0
DA:345,0
DA:350,0
LF:139
LH:0
BRDA:2,0,0,0
BRDA:2,0,1,0
BRDA:2,0,2,0
BRDA:4,1,0,0
BRDA:4,1,1,0
BRDA:4,1,2,0
BRDA:4,1,3,0
BRDA:6,2,0,0
BRDA:6,2,1,0
BRDA:12,3,0,0
BRDA:12,3,1,0
BRDA:15,4,0,0
BRDA:15,4,1,0
BRDA:15,4,2,0
BRDA:16,5,0,0
BRDA:16,5,1,0
BRDA:19,6,0,0
BRDA:19,6,1,0
BRDA:26,7,0,0
BRDA:26,7,1,0
BRDA:26,7,2,0
BRDA:27,8,0,0
BRDA:27,8,1,0
BRDA:28,9,0,0
BRDA:28,9,1,0
BRDA:31,10,0,0
BRDA:31,10,1,0
BRDA:31,10,2,0
BRDA:36,11,0,0
BRDA:36,11,1,0
BRDA:36,12,0,0
BRDA:36,12,1,0
BRDA:36,12,2,0
BRDA:38,13,0,0
BRDA:38,13,1,0
BRDA:42,14,0,0
BRDA:42,14,1,0
BRDA:42,14,2,0
BRDA:46,15,0,0
BRDA:46,15,1,0
BRDA:46,15,2,0
BRDA:47,16,0,0
BRDA:47,16,1,0
BRDA:48,17,0,0
BRDA:48,17,1,0
BRDA:51,18,0,0
BRDA:51,18,1,0
BRDA:51,19,0,0
BRDA:51,19,1,0
BRDA:52,20,0,0
BRDA:52,20,1,0
BRDA:179,21,0,0
BRDA:179,21,1,0
BRDA:197,22,0,0
BRDA:197,22,1,0
BRDA:208,23,0,0
BRDA:208,23,1,0
BRDA:208,24,0,0
BRDA:208,24,1,0
BRDA:219,25,0,0
BRDA:219,25,1,0
BRDA:219,26,0,0
BRDA:219,26,1,0
BRDA:219,26,2,0
BRDA:221,27,0,0
BRDA:221,27,1,0
BRDA:256,28,0,0
BRDA:256,28,1,0
BRDA:262,29,0,0
BRDA:262,29,1,0
BRDA:266,30,0,0
BRDA:266,30,1,0
BRDA:286,31,0,0
BRDA:286,31,1,0
BRDA:307,32,0,0
BRDA:307,32,1,0
BRDA:309,33,0,0
BRDA:309,33,1,0
BRDA:314,34,0,0
BRDA:314,34,1,0
BRDA:316,35,0,0
BRDA:316,35,1,0
BRDA:324,36,0,0
BRDA:324,36,1,0
BRF:84
BRH:0
end_of_record
TN:
SF:/Users/shawn/Files/Project/react-dashboard/src/components/Login.tsx
FN:2,(anonymous_0)
FN:3,(anonymous_1)
FN:5,(anonymous_2)
FN:6,(anonymous_3)
FN:9,(anonymous_4)
FN:11,__
FN:15,(anonymous_6)
FN:30,(anonymous_7)
FN:32,Login
FN:47,(anonymous_9)
FN:73,(anonymous_10)
FN:78,(anonymous_11)
FN:83,(anonymous_12)
FN:119,(anonymous_13)
FN:126,(anonymous_14)
FN:134,(anonymous_15)
FNF:16
FNH:0
FNDA:0,(anonymous_0)
FNDA:0,(anonymous_1)
FNDA:0,(anonymous_2)
FNDA:0,(anonymous_3)
FNDA:0,(anonymous_4)
FNDA:0,__
FNDA:0,(anonymous_6)
FNDA:0,(anonymous_7)
FNDA:0,Login
FNDA:0,(anonymous_9)
FNDA:0,(anonymous_10)
FNDA:0,(anonymous_11)
FNDA:0,(anonymous_12)
FNDA:0,(anonymous_13)
FNDA:0,(anonymous_14)
FNDA:0,(anonymous_15)
DA:2,0
DA:3,0
DA:4,0
DA:5,0
DA:6,0
DA:7,0
DA:9,0
DA:10,0
DA:11,0
DA:12,0
DA:15,0
DA:16,0
DA:17,0
DA:18,0
DA:19,0
DA:21,0
DA:22,0
DA:23,0
DA:24,0
DA:25,0
DA:26,0
DA:27,0
DA:28,0
DA:29,0
DA:30,0
DA:31,0
DA:33,0
DA:34,0
DA:40,0
DA:41,0
DA:42,0
DA:43,0
DA:44,0
DA:45,0
DA:47,0
DA:48,0
DA:49,0
DA:50,0
DA:51,0
DA:52,0
DA:54,0
DA:57,0
DA:73,0
DA:74,0
DA:78,0
DA:79,0
DA:83,0
DA:84,0
DA:85,0
DA:86,0
DA:87,0
DA:88,0
DA:91,0
DA:94,0
DA:98,0
DA:99,0
DA:102,0
DA:105,0
DA:109,0
DA:110,0
DA:119,0
DA:120,0
DA:121,0
DA:126,0
DA:127,0
DA:128,0
DA:133,0
DA:135,0
DA:136,0
DA:141,0
DA:143,0
LF:71
LH:0
BRDA:2,0,0,0
BRDA:2,0,1,0
BRDA:2,0,2,0
BRDA:4,1,0,0
BRDA:4,1,1,0
BRDA:4,1,2,0
BRDA:4,1,3,0
BRDA:6,2,0,0
BRDA:6,2,1,0
BRDA:12,3,0,0
BRDA:12,3,1,0
BRDA:15,4,0,0
BRDA:15,4,1,0
BRDA:15,4,2,0
BRDA:16,5,0,0
BRDA:16,5,1,0
BRDA:16,6,0,0
BRDA:16,6,1,0
BRDA:17,7,0,0
BRDA:17,7,1,0
BRDA:17,8,0,0
BRDA:17,8,1,0
BRDA:18,9,0,0
BRDA:18,9,1,0
BRDA:18,10,0,0
BRDA:18,10,1,0
BRDA:18,11,0,0
BRDA:18,11,1,0
BRDA:18,12,0,0
BRDA:18,12,1,0
BRDA:19,13,0,0
BRDA:19,13,1,0
BRDA:19,13,2,0
BRDA:33,14,0,0
BRDA:33,14,1,0
BRDA:49,15,0,0
BRDA:49,15,1,0
BRDA:51,16,0,0
BRDA:51,16,1,0
BRDA:51,17,0,0
BRDA:51,17,1,0
BRDA:87,18,0,0
BRDA:87,18,1,0
BRDA:87,19,0,0
BRDA:87,19,1,0
BRDA:98,20,0,0
BRDA:98,20,1,0
BRDA:98,21,0,0
BRDA:98,21,1,0
BRDA:109,22,0,0
BRDA:109,22,1,0
BRDA:120,23,0,0
BRDA:120,23,1,0
BRDA:127,24,0,0
BRDA:127,24,1,0
BRF:55
BRH:0
end_of_record
TN:
SF:/Users/shawn/Files/Project/react-dashboard/src/components/NotFound.tsx
FN:2,(anonymous_0)
FN:3,(anonymous_1)
FN:5,(anonymous_2)
FN:6,(anonymous_3)
FN:9,(anonymous_4)
FN:11,__
FN:19,(anonymous_6)
FN:21,Notfound
FN:24,(anonymous_8)
FNF:9
FNH:0
FNDA:0,(anonymous_0)
FNDA:0,(anonymous_1)
FNDA:0,(anonymous_2)
FNDA:0,(anonymous_3)
FNDA:0,(anonymous_4)
FNDA:0,__
FNDA:0,(anonymous_6)
FNDA:0,Notfound
FNDA:0,(anonymous_8)
DA:2,0
DA:3,0
DA:4,0
DA:5,0
DA:6,0
DA:7,0
DA:9,0
DA:10,0
DA:11,0
DA:12,0
DA:15,0
DA:16,0
DA:17,0
DA:18,0
DA:19,0
DA:20,0
DA:22,0
DA:24,0
DA:25,0
DA:31,0
DA:33,0
LF:21
LH:0
BRDA:2,0,0,0
BRDA:2,0,1,0
BRDA:2,0,2,0
BRDA:4,1,0,0
BRDA:4,1,1,0
BRDA:4,1,2,0
BRDA:4,1,3,0
BRDA:6,2,0,0
BRDA:6,2,1,0
BRDA:12,3,0,0
BRDA:12,3,1,0
BRDA:22,4,0,0
BRDA:22,4,1,0
BRDA:22,4,2,0
BRF:14
BRH:0
end_of_record
TN:
SF:/Users/shawn/Files/Project/react-dashboard/src/components/Root.tsx
FN:2,(anonymous_0)
FN:3,(anonymous_1)
FN:5,(anonymous_2)
FN:6,(anonymous_3)
FN:9,(anonymous_4)
FN:11,__
FN:15,(anonymous_6)
FN:31,(anonymous_7)
FN:33,AppRoot
FN:38,(anonymous_9)
FN:49,(anonymous_10)
FN:59,(anonymous_11)
FNF:12
FNH:0
FNDA:0,(anonymous_0)
FNDA:0,(anonymous_1)
FNDA:0,(anonymous_2)
FNDA:0,(anonymous_3)
FNDA:0,(anonymous_4)
FNDA:0,__
FNDA:0,(anonymous_6)
FNDA:0,(anonymous_7)
FNDA:0,AppRoot
FNDA:0,(anonymous_9)
FNDA:0,(anonymous_10)
FNDA:0,(anonymous_11)
DA:2,0
DA:3,0
DA:4,0
DA:5,0
DA:6,0
DA:7,0
DA:9,0
DA:10,0
DA:11,0
DA:12,0
DA:15,0
DA:16,0
DA:17,0
DA:18,0
DA:19,0
DA:21,0
DA:22,0
DA:23,0
DA:24,0
DA:25,0
DA:26,0
DA:27,0
DA:28,0
DA:29,0
DA:30,0
DA:31,0
DA:32,0
DA:34,0
DA:35,0
DA:36,0
DA:38,0
DA:39,0
DA:40,0
DA:49,0
DA:50,0
DA:51,0
DA:52,0
DA:58,0
DA:60,0
DA:61,0
DA:66,0
DA:68,0
LF:42
LH:0
BRDA:2,0,0,0
BRDA:2,0,1,0
BRDA:2,0,2,0
BRDA:4,1,0,0
BRDA:4,1,1,0
BRDA:4,1,2,0
BRDA:4,1,3,0
BRDA:6,2,0,0
BRDA:6,2,1,0
BRDA:12,3,0,0
BRDA:12,3,1,0
BRDA:15,4,0,0
BRDA:15,4,1,0
BRDA:15,4,2,0
BRDA:16,5,0,0
BRDA:16,5,1,0
BRDA:16,6,0,0
BRDA:16,6,1,0
BRDA:17,7,0,0
BRDA:17,7,1,0
BRDA:17,8,0,0
BRDA:17,8,1,0
BRDA:18,9,0,0
BRDA:18,9,1,0
BRDA:18,10,0,0
BRDA:18,10,1,0
BRDA:18,11,0,0
BRDA:18,11,1,0
BRDA:18,12,0,0
BRDA:18,12,1,0
BRDA:19,13,0,0
BRDA:19,13,1,0
BRDA:19,13,2,0
BRDA:34,14,0,0
BRDA:34,14,1,0
BRDA:43,15,0,0
BRDA:43,15,1,0
BRDA:51,16,0,0
BRDA:51,16,1,0
BRF:39
BRH:0
end_of_record
TN:
SF:/Users/shawn/Files/Project/react-dashboard/src/components/index.ts
FNF:0
FNH:0
DA:2,0
DA:3,0
DA:4,0
DA:5,0
DA:6,0
DA:7,0
DA:8,0
DA:9,0
DA:10,0
DA:11,0
DA:12,0
DA:13,0
DA:14,0
DA:27,0
LF:14
LH:0
BRF:0
BRH:0
end_of_record
TN:
SF:/Users/shawn/Files/Project/react-dashboard/src/components/charts/HeatmapPage/Heatmap.tsx
FN:2,(anonymous_0)
FN:3,(anonymous_1)
FN:5,(anonymous_2)
FN:6,(anonymous_3)
FN:9,(anonymous_4)
FN:11,__
FN:15,(anonymous_6)
FN:19,(anonymous_7)
FN:31,(anonymous_8)
FN:33,Heatmap
FN:53,(anonymous_10)
FN:86,(anonymous_11)
FN:91,(anonymous_12)
FN:103,(anonymous_13)
FN:125,(anonymous_14)
FN:129,(anonymous_15)
FN:139,(anonymous_16)
FN:146,(anonymous_17)
FN:149,(anonymous_18)
FN:172,(anonymous_19)
FN:175,(anonymous_20)
FN:178,(anonymous_21)
FN:186,(anonymous_22)
FN:199,(anonymous_23)
FN:209,(anonymous_24)
FN:217,(anonymous_25)
FN:262,(anonymous_26)
FN:267,(anonymous_27)
FN:275,(anonymous_28)
FN:307,(anonymous_29)
FN:335,(anonymous_30)
FN:339,(anonymous_31)
FN:363,(anonymous_32)
FN:374,(anonymous_33)
FN:411,(anonymous_34)
FN:417,(anonymous_35)
FNF:36
FNH:0
FNDA:0,(anonymous_0)
FNDA:0,(anonymous_1)
FNDA:0,(anonymous_2)
FNDA:0,(anonymous_3)
FNDA:0,(anonymous_4)
FNDA:0,__
FNDA:0,(anonymous_6)
FNDA:0,(anonymous_7)
FNDA:0,(anonymous_8)
FNDA:0,Heatmap
FNDA:0,(anonymous_10)
FNDA:0,(anonymous_11)
FNDA:0,(anonymous_12)
FNDA:0,(anonymous_13)
FNDA:0,(anonymous_14)
FNDA:0,(anonymous_15)
FNDA:0,(anonymous_16)
FNDA:0,(anonymous_17)
FNDA:0,(anonymous_18)
FNDA:0,(anonymous_19)
FNDA:0,(anonymous_20)
FNDA:0,(anonymous_21)
FNDA:0,(anonymous_22)
FNDA:0,(anonymous_23)
FNDA:0,(anonymous_24)
FNDA:0,(anonymous_25)
FNDA:0,(anonymous_26)
FNDA:0,(anonymous_27)
FNDA:0,(anonymous_28)
FNDA:0,(anonymous_29)
FNDA:0,(anonymous_30)
FNDA:0,(anonymous_31)
FNDA:0,(anonymous_32)
FNDA:0,(anonymous_33)
FNDA:0,(anonymous_34)
FNDA:0,(anonymous_35)
DA:2,0
DA:3,0
DA:4,0
DA:5,0
DA:6,0
DA:7,0
DA:9,0
DA:10,0
DA:11,0
DA:12,0
DA:15,0
DA:16,0
DA:17,0
DA:18,0
DA:20,0
DA:21,0
DA:25,0
DA:26,0
DA:27,0
DA:28,0
DA:29,0
DA:30,0
DA:31,0
DA:32,0
DA:34,0
DA:35,0
DA:41,0
DA:42,0
DA:43,0
DA:44,0
DA:45,0
DA:46,0
DA:47,0
DA:48,0
DA:49,0
DA:50,0
DA:51,0
DA:53,0
DA:54,0
DA:58,0
DA:59,0
DA:61,0
DA:62,0
DA:63,0
DA:65,0
DA:66,0
DA:68,0
DA:69,0
DA:72,0
DA:74,0
DA:75,0
DA:83,0
DA:86,0
DA:87,0
DA:88,0
DA:91,0
DA:92,0
DA:93,0
DA:94,0
DA:95,0
DA:96,0
DA:97,0
DA:103,0
DA:104,0
DA:105,0
DA:106,0
DA:111,0
DA:112,0
DA:113,0
DA:114,0
DA:115,0
DA:116,0
DA:117,0
DA:122,0
DA:123,0
DA:125,0
DA:126,0
DA:128,0
DA:129,0
DA:130,0
DA:132,0
DA:133,0
DA:134,0
DA:135,0
DA:136,0
DA:137,0
DA:139,0
DA:140,0
DA:141,0
DA:142,0
DA:143,0
DA:144,0
DA:146,0
DA:147,0
DA:148,0
DA:149,0
DA:150,0
DA:151,0
DA:153,0
DA:157,0
DA:163,0
DA:166,0
DA:167,0
DA:170,0
DA:172,0
DA:173,0
DA:175,0
DA:176,0
DA:178,0
DA:179,0
DA:183,0
DA:184,0
DA:186,0
DA:187,0
DA:188,0
DA:189,0
DA:191,0
DA:192,0
DA:196,0
DA:199,0
DA:200,0
DA:201,0
DA:202,0
DA:206,0
DA:209,0
DA:210,0
DA:214,0
DA:215,0
DA:217,0
DA:219,0
DA:220,0
DA:221,0
DA:222,0
DA:223,0
DA:224,0
DA:233,0
DA:235,0
DA:236,0
DA:238,0
DA:240,0
DA:242,0
DA:243,0
DA:244,0
DA:248,0
DA:250,0
DA:254,0
DA:255,0
DA:259,0
DA:260,0
DA:262,0
DA:263,0
DA:264,0
DA:265,0
DA:267,0
DA:268,0
DA:269,0
DA:270,0
DA:272,0
DA:273,0
DA:275,0
DA:277,0
DA:278,0
DA:279,0
DA:280,0
DA:281,0
DA:282,0
DA:283,0
DA:284,0
DA:285,0
DA:289,0
DA:291,0
DA:292,0
DA:294,0
DA:298,0
DA:300,0
DA:301,0
DA:303,0
DA:305,0
DA:307,0
DA:308,0
DA:314,0
DA:315,0
DA:316,0
DA:317,0
DA:318,0
DA:319,0
DA:320,0
DA:324,0
DA:327,0
DA:335,0
DA:336,0
DA:338,0
DA:339,0
DA:340,0
DA:345,0
DA:352,0
DA:355,0
DA:358,0
DA:363,0
DA:364,0
DA:365,0
DA:366,0
DA:367,0
DA:368,0
DA:369,0
DA:371,0
DA:372,0
DA:374,0
DA:376,0
DA:382,0
DA:383,0
DA:384,0
DA:385,0
DA:386,0
DA:387,0
DA:388,0
DA:395,0
DA:400,0
DA:403,0
DA:405,0
DA:406,0
DA:408,0
DA:411,0
DA:412,0
DA:413,0
DA:414,0
DA:415,0
DA:416,0
DA:417,0
DA:419,0
DA:420,0
DA:421,0
DA:422,0
DA:424,0
DA:425,0
DA:426,0
DA:427,0
DA:428,0
DA:429,0
DA:430,0
DA:431,0
DA:432,0
DA:435,0
DA:438,0
DA:440,0
LF:245
LH:0
BRDA:2,0,0,0
BRDA:2,0,1,0
BRDA:2,0,2,0
BRDA:4,1,0,0
BRDA:4,1,1,0
BRDA:4,1,2,0
BRDA:4,1,3,0
BRDA:6,2,0,0
BRDA:6,2,1,0
BRDA:12,3,0,0
BRDA:12,3,1,0
BRDA:15,4,0,0
BRDA:15,4,1,0
BRDA:15,4,2,0
BRDA:16,5,0,0
BRDA:16,5,1,0
BRDA:17,6,0,0
BRDA:17,6,1,0
BRDA:20,7,0,0
BRDA:20,7,1,0
BRDA:20,8,0,0
BRDA:20,8,1,0
BRDA:21,9,0,0
BRDA:21,9,1,0
BRDA:34,10,0,0
BRDA:34,10,1,0
BRDA:58,11,0,0
BRDA:58,11,1,0
BRDA:61,12,0,0
BRDA:61,12,1,0
BRDA:62,13,0,0
BRDA:62,13,1,0
BRDA:65,14,0,0
BRDA:65,14,1,0
BRDA:68,15,0,0
BRDA:68,15,1,0
BRDA:76,16,0,0
BRDA:76,16,1,0
BRDA:77,17,0,0
BRDA:77,17,1,0
BRDA:87,18,0,0
BRDA:87,18,1,0
BRDA:87,19,0,0
BRDA:87,19,1,0
BRDA:131,20,0,0
BRDA:131,20,1,0
BRDA:137,21,0,0
BRDA:137,21,1,0
BRDA:187,22,0,0
BRDA:187,22,1,0
BRDA:219,23,0,0
BRDA:219,23,1,0
BRDA:236,24,0,0
BRDA:236,24,1,0
BRDA:236,25,0,0
BRDA:236,25,1,0
BRDA:236,25,2,0
BRDA:238,26,0,0
BRDA:238,26,1,0
BRDA:242,27,0,0
BRDA:242,27,1,0
BRDA:268,28,0,0
BRDA:268,28,1,0
BRDA:284,29,0,0
BRDA:284,29,1,0
BRDA:292,30,0,0
BRDA:292,30,1,0
BRDA:292,31,0,0
BRDA:292,31,1,0
BRDA:292,31,2,0
BRDA:294,32,0,0
BRDA:294,32,1,0
BRDA:301,33,0,0
BRDA:301,33,1,0
BRDA:301,34,0,0
BRDA:301,34,1,0
BRDA:301,34,2,0
BRDA:303,35,0,0
BRDA:303,35,1,0
BRDA:406,36,0,0
BRDA:406,36,1,0
BRDA:406,37,0,0
BRDA:406,37,1,0
BRDA:406,37,2,0
BRDA:408,38,0,0
BRDA:408,38,1,0
BRDA:417,39,0,0
BRDA:417,39,1,0
BRDA:417,39,2,0
BRDA:417,39,3,0
BRDA:419,40,0,0
BRDA:419,40,1,0
BRF:92
BRH:0
end_of_record
TN:
SF:/Users/shawn/Files/Project/react-dashboard/src/components/charts/HeatmapPage/heatmap-helper.ts
FN:6,(anonymous_0)
FN:7,getColorFromLevel
FN:15,getColor
FN:25,trans
FNF:4
FNH:0
FNDA:0,(anonymous_0)
FNDA:0,getColorFromLevel
FNDA:0,getColor
FNDA:0,trans
DA:2,0
DA:3,0
DA:4,0
DA:6,0
DA:8,0
DA:9,0
DA:10,0
DA:11,0
DA:14,0
DA:16,0
DA:17,0
DA:19,0
DA:20,0
DA:21,0
DA:22,0
DA:23,0
DA:26,0
DA:29,0
LF:18
LH:0
BRDA:11,0,0,0
BRDA:11,0,1,0
BRDA:16,1,0,0
BRDA:16,1,1,0
BRDA:28,2,0,0
BRDA:28,2,1,0
BRF:6
BRH:0
end_of_record
TN:
SF:/Users/shawn/Files/Project/react-dashboard/src/components/charts/HeatmapPage/index.tsx
FN:2,(anonymous_0)
FN:3,(anonymous_1)
FN:5,(anonymous_2)
FN:6,(anonymous_3)
FN:9,(anonymous_4)
FN:11,__
FN:21,(anonymous_6)
FN:23,HeatmapPage
FN:26,(anonymous_8)
FNF:9
FNH:0
FNDA:0,(anonymous_0)
FNDA:0,(anonymous_1)
FNDA:0,(anonymous_2)
FNDA:0,(anonymous_3)
FNDA:0,(anonymous_4)
FNDA:0,__
FNDA:0,(anonymous_6)
FNDA:0,HeatmapPage
FNDA:0,(anonymous_8)
DA:2,0
DA:3,0
DA:4,0
DA:5,0
DA:6,0
DA:7,0
DA:9,0
DA:10,0
DA:11,0
DA:12,0
DA:15,0
DA:16,0
DA:17,0
DA:18,0
DA:19,0
DA:20,0
DA:21,0
DA:22,0
DA:24,0
DA:26,0
DA:27,0
DA:29,0
DA:31,0
LF:23
LH:0
BRDA:2,0,0,0
BRDA:2,0,1,0
BRDA:2,0,2,0
BRDA:4,1,0,0
BRDA:4,1,1,0
BRDA:4,1,2,0
BRDA:4,1,3,0
BRDA:6,2,0,0
BRDA:6,2,1,0
BRDA:12,3,0,0
BRDA:12,3,1,0
BRDA:24,4,0,0
BRDA:24,4,1,0
BRDA:24,4,2,0
BRF:14
BRH:0
end_of_record
TN:
SF:/Users/shawn/Files/Project/react-dashboard/src/components/charts/SpectrumViewPage/SpectrumView.tsx
FN:2,(anonymous_0)
FN:3,(anonymous_1)
FN:5,(anonymous_2)
FN:6,(anonymous_3)
FN:9,(anonymous_4)
FN:11,__
FN:15,(anonymous_6)
FN:16,(anonymous_7)
FN:26,(anonymous_8)
FN:30,(anonymous_9)
FN:45,(anonymous_10)
FN:47,SpectrumView
FN:71,(anonymous_12)
FN:89,(anonymous_13)
FN:92,(anonymous_14)
FN:106,(anonymous_15)
FN:110,(anonymous_16)
FN:143,(anonymous_17)
FN:170,(anonymous_18)
FN:182,(anonymous_19)
FN:188,(anonymous_20)
FN:196,(anonymous_21)
FN:202,(anonymous_22)
FN:204,(anonymous_23)
FN:227,(anonymous_24)
FN:239,(anonymous_25)
FN:245,(anonymous_26)
FN:247,(anonymous_27)
FN:256,(anonymous_28)
FN:266,(anonymous_29)
FN:294,(anonymous_30)
FN:315,(anonymous_31)
FN:318,(anonymous_32)
FN:331,(anonymous_33)
FN:334,(anonymous_34)
FN:339,(anonymous_35)
FN:340,(anonymous_36)
FN:342,mouseMove
FN:344,(anonymous_38)
FN:363,maxIntensityInRange
FN:386,(anonymous_40)
FN:394,(anonymous_41)
FN:398,(anonymous_42)
FN:405,(anonymous_43)
FN:413,(anonymous_44)
FN:423,(anonymous_45)
FN:429,(anonymous_46)
FN:433,(anonymous_47)
FN:436,(anonymous_48)
FN:446,(anonymous_49)
FN:451,(anonymous_50)
FN:488,(anonymous_51)
FN:492,(anonymous_52)
FN:493,(anonymous_53)
FN:498,(anonymous_54)
FN:501,(anonymous_55)
FN:542,(anonymous_56)
FN:558,(anonymous_57)
FN:598,(anonymous_58)
FN:601,(anonymous_59)
FN:691,(anonymous_60)
FN:776,(anonymous_61)
FN:793,(anonymous_62)
FN:796,(anonymous_63)
FN:803,(anonymous_64)
FN:806,(anonymous_65)
FNF:66
FNH:0
FNDA:0,(anonymous_0)
FNDA:0,(anonymous_1)
FNDA:0,(anonymous_2)
FNDA:0,(anonymous_3)
FNDA:0,(anonymous_4)
FNDA:0,__
FNDA:0,(anonymous_6)
FNDA:0,(anonymous_7)
FNDA:0,(anonymous_8)
FNDA:0,(anonymous_9)
FNDA:0,(anonymous_10)
FNDA:0,SpectrumView
FNDA:0,(anonymous_12)
FNDA:0,(anonymous_13)
FNDA:0,(anonymous_14)
FNDA:0,(anonymous_15)
FNDA:0,(anonymous_16)
FNDA:0,(anonymous_17)
FNDA:0,(anonymous_18)
FNDA:0,(anonymous_19)
FNDA:0,(anonymous_20)
FNDA:0,(anonymous_21)
FNDA:0,(anonymous_22)
FNDA:0,(anonymous_23)
FNDA:0,(anonymous_24)
FNDA:0,(anonymous_25)
FNDA:0,(anonymous_26)
FNDA:0,(anonymous_27)
FNDA:0,(anonymous_28)
FNDA:0,(anonymous_29)
FNDA:0,(anonymous_30)
FNDA:0,(anonymous_31)
FNDA:0,(anonymous_32)
FNDA:0,(anonymous_33)
FNDA:0,(anonymous_34)
FNDA:0,(anonymous_35)
FNDA:0,(anonymous_36)
FNDA:0,mouseMove
FNDA:0,(anonymous_38)
FNDA:0,maxIntensityInRange
FNDA:0,(anonymous_40)
FNDA:0,(anonymous_41)
FNDA:0,(anonymous_42)
FNDA:0,(anonymous_43)
FNDA:0,(anonymous_44)
FNDA:0,(anonymous_45)
FNDA:0,(anonymous_46)
FNDA:0,(anonymous_47)
FNDA:0,(anonymous_48)
FNDA:0,(anonymous_49)
FNDA:0,(anonymous_50)
FNDA:0,(anonymous_51)
FNDA:0,(anonymous_52)
FNDA:0,(anonymous_53)
FNDA:0,(anonymous_54)
FNDA:0,(anonymous_55)
FNDA:0,(anonymous_56)
FNDA:0,(anonymous_57)
FNDA:0,(anonymous_58)
FNDA:0,(anonymous_59)
FNDA:0,(anonymous_60)
FNDA:0,(anonymous_61)
FNDA:0,(anonymous_62)
FNDA:0,(anonymous_63)
FNDA:0,(anonymous_64)
FNDA:0,(anonymous_65)
DA:2,0
DA:3,0
DA:4,0
DA:5,0
DA:6,0
DA:7,0
DA:9,0
DA:10,0
DA:11,0
DA:12,0
DA:15,0
DA:16,0
DA:17,0
DA:18,0
DA:19,0
DA:20,0
DA:22,0
DA:24,0
DA:26,0
DA:27,0
DA:28,0
DA:29,0
DA:31,0
DA:32,0
DA:36,0
DA:37,0
DA:38,0
DA:39,0
DA:40,0
DA:41,0
DA:42,0
DA:43,0
DA:44,0
DA:45,0
DA:46,0
DA:48,0
DA:49,0
DA:55,0
DA:56,0
DA:57,0
DA:58,0
DA:59,0
DA:60,0
DA:61,0
DA:62,0
DA:63,0
DA:64,0
DA:65,0
DA:66,0
DA:67,0
DA:68,0
DA:69,0
DA:71,0
DA:72,0
DA:73,0
DA:75,0
DA:78,0
DA:80,0
DA:86,0
DA:89,0
DA:90,0
DA:92,0
DA:93,0
DA:94,0
DA:97,0
DA:98,0
DA:106,0
DA:107,0
DA:108,0
DA:110,0
DA:111,0
DA:112,0
DA:113,0
DA:114,0
DA:115,0
DA:117,0
DA:122,0
DA:123,0
DA:124,0
DA:125,0
DA:126,0
DA:128,0
DA:129,0
DA:132,0
DA:134,0
DA:135,0
DA:136,0
DA:137,0
DA:138,0
DA:139,0
DA:140,0
DA:141,0
DA:143,0
DA:144,0
DA:145,0
DA:146,0
DA:147,0
DA:148,0
DA:149,0
DA:153,0
DA:157,0
DA:158,0
DA:160,0
DA:161,0
DA:162,0
DA:163,0
DA:164,0
DA:165,0
DA:166,0
DA:167,0
DA:170,0
DA:171,0
DA:175,0
DA:183,0
DA:184,0
DA:186,0
DA:188,0
DA:189,0
DA:190,0
DA:191,0
DA:192,0
DA:196,0
DA:197,0
DA:198,0
DA:200,0
DA:202,0
DA:203,0
DA:204,0
DA:205,0
DA:206,0
DA:207,0
DA:208,0
DA:209,0
DA:211,0
DA:212,0
DA:214,0
DA:215,0
DA:216,0
DA:217,0
DA:219,0
DA:220,0
DA:221,0
DA:222,0
DA:223,0
DA:224,0
DA:227,0
DA:228,0
DA:232,0
DA:240,0
DA:241,0
DA:243,0
DA:245,0
DA:246,0
DA:247,0
DA:248,0
DA:249,0
DA:252,0
DA:253,0
DA:254,0
DA:255,0
DA:256,0
DA:259,0
DA:261,0
DA:262,0
DA:263,0
DA:266,0
DA:267,0
DA:268,0
DA:270,0
DA:271,0
DA:272,0
DA:273,0
DA:274,0
DA:275,0
DA:277,0
DA:278,0
DA:279,0
DA:280,0
DA:282,0
DA:283,0
DA:284,0
DA:286,0
DA:288,0
DA:289,0
DA:292,0
DA:294,0
DA:295,0
DA:296,0
DA:297,0
DA:298,0
DA:299,0
DA:302,0
DA:304,0
DA:305,0
DA:309,0
DA:310,0
DA:311,0
DA:313,0
DA:315,0
DA:317,0
DA:318,0
DA:319,0
DA:320,0
DA:321,0
DA:322,0
DA:323,0
DA:324,0
DA:326,0
DA:327,0
DA:328,0
DA:331,0
DA:332,0
DA:333,0
DA:334,0
DA:338,0
DA:339,0
DA:340,0
DA:343,0
DA:344,0
DA:345,0
DA:347,0
DA:348,0
DA:349,0
DA:350,0
DA:351,0
DA:352,0
DA:353,0
DA:355,0
DA:357,0
DA:364,0
DA:365,0
DA:366,0
DA:367,0
DA:368,0
DA:369,0
DA:370,0
DA:371,0
DA:373,0
DA:375,0
DA:376,0
DA:377,0
DA:378,0
DA:379,0
DA:381,0
DA:383,0
DA:386,0
DA:387,0
DA:388,0
DA:389,0
DA:391,0
DA:392,0
DA:395,0
DA:398,0
DA:399,0
DA:400,0
DA:401,0
DA:402,0
DA:403,0
DA:406,0
DA:407,0
DA:410,0
DA:414,0
DA:415,0
DA:416,0
DA:418,0
DA:419,0
DA:421,0
DA:424,0
DA:425,0
DA:426,0
DA:427,0
DA:430,0
DA:433,0
DA:434,0
DA:435,0
DA:436,0
DA:437,0
DA:444,0
DA:446,0
DA:447,0
DA:448,0
DA:451,0
DA:452,0
DA:453,0
DA:454,0
DA:455,0
DA:456,0
DA:457,0
DA:458,0
DA:459,0
DA:460,0
DA:461,0
DA:462,0
DA:464,0
DA:465,0
DA:470,0
DA:471,0
DA:472,0
DA:475,0
DA:480,0
DA:487,0
DA:488,0
DA:492,0
DA:494,0
DA:498,0
DA:499,0
DA:501,0
DA:503,0
DA:504,0
DA:505,0
DA:507,0
DA:508,0
DA:509,0
DA:510,0
DA:511,0
DA:512,0
DA:513,0
DA:514,0
DA:516,0
DA:517,0
DA:519,0
DA:520,0
DA:523,0
DA:524,0
DA:525,0
DA:527,0
DA:528,0
DA:533,0
DA:535,0
DA:536,0
DA:538,0
DA:540,0
DA:542,0
DA:543,0
DA:544,0
DA:545,0
DA:546,0
DA:547,0
DA:548,0
DA:549,0
DA:556,0
DA:558,0
DA:559,0
DA:560,0
DA:561,0
DA:562,0
DA:563,0
DA:564,0
DA:565,0
DA:566,0
DA:567,0
DA:568,0
DA:569,0
DA:570,0
DA:571,0
DA:583,0
DA:584,0
DA:594,0
DA:596,0
DA:598,0
DA:600,0
DA:601,0
DA:602,0
DA:622,0
DA:623,0
DA:624,0
DA:625,0
DA:626,0
DA:627,0
DA:628,0
DA:629,0
DA:630,0
DA:632,0
DA:633,0
DA:635,0
DA:636,0
DA:638,0
DA:639,0
DA:643,0
DA:645,0
DA:646,0
DA:648,0
DA:650,0
DA:651,0
DA:652,0
DA:653,0
DA:654,0
DA:656,0
DA:657,0
DA:658,0
DA:659,0
DA:660,0
DA:661,0
DA:664,0
DA:668,0
DA:669,0
DA:670,0
DA:671,0
DA:672,0
DA:673,0
DA:676,0
DA:682,0
DA:684,0
DA:685,0
DA:687,0
DA:689,0
DA:691,0
DA:692,0
DA:693,0
DA:694,0
DA:695,0
DA:696,0
DA:697,0
DA:698,0
DA:699,0
DA:700,0
DA:701,0
DA:702,0
DA:703,0
DA:704,0
DA:705,0
DA:706,0
DA:708,0
DA:709,0
DA:710,0
DA:711,0
DA:713,0
DA:714,0
DA:715,0
DA:717,0
DA:720,0
DA:721,0
DA:722,0
DA:723,0
DA:724,0
DA:726,0
DA:727,0
DA:728,0
DA:730,0
DA:733,0
DA:734,0
DA:735,0
DA:736,0
DA:740,0
DA:741,0
DA:742,0
DA:743,0
DA:744,0
DA:745,0
DA:746,0
DA:747,0
DA:748,0
DA:749,0
DA:750,0
DA:752,0
DA:753,0
DA:754,0
DA:756,0
DA:759,0
DA:760,0
DA:761,0
DA:762,0
DA:763,0
DA:765,0
DA:766,0
DA:767,0
DA:769,0
DA:772,0
DA:774,0
DA:776,0
DA:777,0
DA:778,0
DA:781,0
DA:783,0
DA:786,0
DA:787,0
DA:788,0
DA:789,0
DA:791,0
DA:793,0
DA:796,0
DA:797,0
DA:800,0
DA:801,0
DA:803,0
DA:804,0
DA:806,0
DA:807,0
DA:809,0
DA:811,0
LF:490
LH:0
BRDA:2,0,0,0
BRDA:2,0,1,0
BRDA:2,0,2,0
BRDA:4,1,0,0
BRDA:4,1,1,0
BRDA:4,1,2,0
BRDA:4,1,3,0
BRDA:6,2,0,0
BRDA:6,2,1,0
BRDA:12,3,0,0
BRDA:12,3,1,0
BRDA:15,4,0,0
BRDA:15,4,1,0
BRDA:15,4,2,0
BRDA:16,5,0,0
BRDA:16,5,1,0
BRDA:19,6,0,0
BRDA:19,6,1,0
BRDA:26,7,0,0
BRDA:26,7,1,0
BRDA:26,7,2,0
BRDA:27,8,0,0
BRDA:27,8,1,0
BRDA:28,9,0,0
BRDA:28,9,1,0
BRDA:31,10,0,0
BRDA:31,10,1,0
BRDA:31,11,0,0
BRDA:31,11,1,0
BRDA:32,12,0,0
BRDA:32,12,1,0
BRDA:48,13,0,0
BRDA:48,13,1,0
BRDA:55,14,0,0
BRDA:55,14,1,0
BRDA:56,15,0,0
BRDA:56,15,1,0
BRDA:57,16,0,0
BRDA:57,16,1,0
BRDA:58,17,0,0
BRDA:58,17,1,0
BRDA:59,18,0,0
BRDA:59,18,1,0
BRDA:60,19,0,0
BRDA:60,19,1,0
BRDA:61,20,0,0
BRDA:61,20,1,0
BRDA:62,21,0,0
BRDA:62,21,1,0
BRDA:63,22,0,0
BRDA:63,22,1,0
BRDA:64,23,0,0
BRDA:64,23,1,0
BRDA:65,24,0,0
BRDA:65,24,1,0
BRDA:72,25,0,0
BRDA:72,25,1,0
BRDA:75,26,0,0
BRDA:75,26,1,0
BRDA:75,27,0,0
BRDA:75,27,1,0
BRDA:75,27,2,0
BRDA:80,28,0,0
BRDA:80,28,1,0
BRDA:80,29,0,0
BRDA:80,29,1,0
BRDA:80,29,2,0
BRDA:80,29,3,0
BRDA:80,29,4,0
BRDA:80,29,5,0
BRDA:93,30,0,0
BRDA:93,30,1,0
BRDA:98,31,0,0
BRDA:98,31,1,0
BRDA:99,32,0,0
BRDA:99,32,1,0
BRDA:102,33,0,0
BRDA:102,33,1,0
BRDA:122,34,0,0
BRDA:122,34,1,0
BRDA:128,35,0,0
BRDA:128,35,1,0
BRDA:134,36,0,0
BRDA:134,36,1,0
BRDA:135,37,0,0
BRDA:135,37,1,0
BRDA:137,38,0,0
BRDA:137,38,1,0
BRDA:166,39,0,0
BRDA:166,39,1,0
BRDA:172,40,0,0
BRDA:172,40,1,0
BRDA:208,41,0,0
BRDA:208,41,1,0
BRDA:208,42,0,0
BRDA:208,42,1,0
BRDA:211,43,0,0
BRDA:211,43,1,0
BRDA:215,44,0,0
BRDA:215,44,1,0
BRDA:249,45,0,0
BRDA:249,45,1,0
BRDA:254,46,0,0
BRDA:254,46,1,0
BRDA:267,47,0,0
BRDA:267,47,1,0
BRDA:267,48,0,0
BRDA:267,48,1,0
BRDA:274,49,0,0
BRDA:274,49,1,0
BRDA:280,50,0,0
BRDA:280,50,1,0
BRDA:280,50,2,0
BRDA:280,50,3,0
BRDA:282,51,0,0
BRDA:282,51,1,0
BRDA:288,52,0,0
BRDA:288,52,1,0
BRDA:298,53,0,0
BRDA:298,53,1,0
BRDA:310,54,0,0
BRDA:310,54,1,0
BRDA:315,55,0,0
BRDA:315,55,1,0
BRDA:326,56,0,0
BRDA:326,56,1,0
BRDA:345,57,0,0
BRDA:345,57,1,0
BRDA:350,58,0,0
BRDA:350,58,1,0
BRDA:368,59,0,0
BRDA:368,59,1,0
BRDA:369,60,0,0
BRDA:369,60,1,0
BRDA:376,61,0,0
BRDA:376,61,1,0
BRDA:377,62,0,0
BRDA:377,62,1,0
BRDA:388,63,0,0
BRDA:388,63,1,0
BRDA:406,64,0,0
BRDA:406,64,1,0
BRDA:406,65,0,0
BRDA:406,65,1,0
BRDA:406,65,2,0
BRDA:415,66,0,0
BRDA:415,66,1,0
BRDA:418,67,0,0
BRDA:418,67,1,0
BRDA:447,68,0,0
BRDA:447,68,1,0
BRDA:503,69,0,0
BRDA:503,69,1,0
BRDA:504,70,0,0
BRDA:504,70,1,0
BRDA:513,71,0,0
BRDA:513,71,1,0
BRDA:516,72,0,0
BRDA:516,72,1,0
BRDA:519,73,0,0
BRDA:519,73,1,0
BRDA:520,74,0,0
BRDA:520,74,1,0
BRDA:520,75,0,0
BRDA:520,75,1,0
BRDA:520,75,2,0
BRDA:524,76,0,0
BRDA:524,76,1,0
BRDA:527,77,0,0
BRDA:527,77,1,0
BRDA:528,78,0,0
BRDA:528,78,1,0
BRDA:528,79,0,0
BRDA:528,79,1,0
BRDA:536,80,0,0
BRDA:536,80,1,0
BRDA:536,81,0,0
BRDA:536,81,1,0
BRDA:536,81,2,0
BRDA:538,82,0,0
BRDA:538,82,1,0
BRDA:567,83,0,0
BRDA:567,83,1,0
BRDA:570,84,0,0
BRDA:570,84,1,0
BRDA:583,85,0,0
BRDA:583,85,1,0
BRDA:629,86,0,0
BRDA:629,86,1,0
BRDA:632,87,0,0
BRDA:632,87,1,0
BRDA:635,88,0,0
BRDA:635,88,1,0
BRDA:638,89,0,0
BRDA:638,89,1,0
BRDA:646,90,0,0
BRDA:646,90,1,0
BRDA:646,91,0,0
BRDA:646,91,1,0
BRDA:646,91,2,0
BRDA:648,92,0,0
BRDA:648,92,1,0
BRDA:653,93,0,0
BRDA:653,93,1,0
BRDA:656,94,0,0
BRDA:656,94,1,0
BRDA:657,95,0,0
BRDA:657,95,1,0
BRDA:660,96,0,0
BRDA:660,96,1,0
BRDA:668,97,0,0
BRDA:668,97,1,0
BRDA:668,98,0,0
BRDA:668,98,1,0
BRDA:669,99,0,0
BRDA:669,99,1,0
BRDA:672,100,0,0
BRDA:672,100,1,0
BRDA:685,101,0,0
BRDA:685,101,1,0
BRDA:685,102,0,0
BRDA:685,102,1,0
BRDA:685,102,2,0
BRDA:687,103,0,0
BRDA:687,103,1,0
BRDA:695,104,0,0
BRDA:695,104,1,0
BRDA:698,105,0,0
BRDA:698,105,1,0
BRDA:703,106,0,0
BRDA:703,106,1,0
BRDA:708,107,0,0
BRDA:708,107,1,0
BRDA:708,108,0,0
BRDA:708,108,1,0
BRDA:709,109,0,0
BRDA:709,109,1,0
BRDA:713,110,0,0
BRDA:713,110,1,0
BRDA:721,111,0,0
BRDA:721,111,1,0
BRDA:721,112,0,0
BRDA:721,112,1,0
BRDA:722,113,0,0
BRDA:722,113,1,0
BRDA:726,114,0,0
BRDA:726,114,1,0
BRDA:734,115,0,0
BRDA:734,115,1,0
BRDA:740,116,0,0
BRDA:740,116,1,0
BRDA:743,117,0,0
BRDA:743,117,1,0
BRDA:747,118,0,0
BRDA:747,118,1,0
BRDA:747,119,0,0
BRDA:747,119,1,0
BRDA:747,119,2,0
BRDA:748,120,0,0
BRDA:748,120,1,0
BRDA:752,121,0,0
BRDA:752,121,1,0
BRDA:760,122,0,0
BRDA:760,122,1,0
BRDA:760,123,0,0
BRDA:760,123,1,0
BRDA:760,123,2,0
BRDA:761,124,0,0
BRDA:761,124,1,0
BRDA:765,125,0,0
BRDA:765,125,1,0
BRDA:777,126,0,0
BRDA:777,126,1,0
BRDA:783,127,0,0
BRDA:783,127,1,0
BRDA:788,128,0,0
BRDA:788,128,1,0
BRDA:793,129,0,0
BRDA:793,129,1,0
BRDA:797,130,0,0
BRDA:797,130,1,0
BRDA:797,131,0,0
BRDA:797,131,1,0
BRDA:804,132,0,0
BRDA:804,132,1,0
BRDA:807,133,0,0
BRDA:807,133,1,0
BRF:287
BRH:0
end_of_record
TN:
SF:/Users/shawn/Files/Project/react-dashboard/src/components/charts/SpectrumViewPage/TICCurve.tsx
FN:2,(anonymous_0)
FN:3,(anonymous_1)
FN:5,(anonymous_2)
FN:6,(anonymous_3)
FN:9,(anonymous_4)
FN:11,__
FN:15,(anonymous_6)
FN:31,(anonymous_7)
FN:48,(anonymous_8)
FN:50,TICCurve
FN:64,(anonymous_10)
FN:68,(anonymous_11)
FN:75,(anonymous_12)
FN:85,(anonymous_13)
FN:95,(anonymous_14)
FN:96,(anonymous_15)
FN:109,(anonymous_16)
FN:115,(anonymous_17)
FN:157,(anonymous_18)
FN:158,(anonymous_19)
FN:159,(anonymous_20)
FN:160,(anonymous_21)
FN:165,(anonymous_22)
FN:170,(anonymous_23)
FN:190,(anonymous_24)
FN:200,(anonymous_25)
FN:204,onClick
FN:206,(anonymous_27)
FN:215,(anonymous_28)
FN:218,(anonymous_29)
FNF:30
FNH:0
FNDA:0,(anonymous_0)
FNDA:0,(anonymous_1)
FNDA:0,(anonymous_2)
FNDA:0,(anonymous_3)
FNDA:0,(anonymous_4)
FNDA:0,__
FNDA:0,(anonymous_6)
FNDA:0,(anonymous_7)
FNDA:0,(anonymous_8)
FNDA:0,TICCurve
FNDA:0,(anonymous_10)
FNDA:0,(anonymous_11)
FNDA:0,(anonymous_12)
FNDA:0,(anonymous_13)
FNDA:0,(anonymous_14)
FNDA:0,(anonymous_15)
FNDA:0,(anonymous_16)
FNDA:0,(anonymous_17)
FNDA:0,(anonymous_18)
FNDA:0,(anonymous_19)
FNDA:0,(anonymous_20)
FNDA:0,(anonymous_21)
FNDA:0,(anonymous_22)
FNDA:0,(anonymous_23)
FNDA:0,(anonymous_24)
FNDA:0,(anonymous_25)
FNDA:0,onClick
FNDA:0,(anonymous_27)
FNDA:0,(anonymous_28)
FNDA:0,(anonymous_29)
DA:2,0
DA:3,0
DA:4,0
DA:5,0
DA:6,0
DA:7,0
DA:9,0
DA:10,0
DA:11,0
DA:12,0
DA:15,0
DA:16,0
DA:17,0
DA:18,0
DA:19,0
DA:20,0
DA:22,0
DA:24,0
DA:25,0
DA:27,0
DA:29,0
DA:31,0
DA:32,0
DA:33,0
DA:35,0
DA:36,0
DA:37,0
DA:38,0
DA:39,0
DA:40,0
DA:41,0
DA:42,0
DA:43,0
DA:44,0
DA:45,0
DA:46,0
DA:47,0
DA:48,0
DA:49,0
DA:51,0
DA:52,0
DA:58,0
DA:59,0
DA:60,0
DA:61,0
DA:62,0
DA:64,0
DA:65,0
DA:66,0
DA:68,0
DA:69,0
DA:70,0
DA:72,0
DA:75,0
DA:76,0
DA:77,0
DA:78,0
DA:79,0
DA:81,0
DA:82,0
DA:83,0
DA:85,0
DA:86,0
DA:87,0
DA:88,0
DA:89,0
DA:91,0
DA:92,0
DA:93,0
DA:95,0
DA:96,0
DA:97,0
DA:98,0
DA:99,0
DA:101,0
DA:102,0
DA:104,0
DA:105,0
DA:106,0
DA:107,0
DA:109,0
DA:110,0
DA:111,0
DA:113,0
DA:115,0
DA:116,0
DA:117,0
DA:118,0
DA:119,0
DA:121,0
DA:122,0
DA:123,0
DA:124,0
DA:125,0
DA:126,0
DA:127,0
DA:128,0
DA:130,0
DA:134,0
DA:140,0
DA:144,0
DA:145,0
DA:149,0
DA:150,0
DA:153,0
DA:154,0
DA:157,0
DA:158,0
DA:159,0
DA:160,0
DA:163,0
DA:165,0
DA:166,0
DA:167,0
DA:169,0
DA:170,0
DA:171,0
DA:173,0
DA:174,0
DA:175,0
DA:188,0
DA:190,0
DA:191,0
DA:192,0
DA:199,0
DA:201,0
DA:202,0
DA:205,0
DA:206,0
DA:207,0
DA:208,0
DA:209,0
DA:211,0
DA:212,0
DA:215,0
DA:216,0
DA:218,0
DA:220,0
DA:222,0
LF:139
LH:0
BRDA:2,0,0,0
BRDA:2,0,1,0
BRDA:2,0,2,0
BRDA:4,1,0,0
BRDA:4,1,1,0
BRDA:4,1,2,0
BRDA:4,1,3,0
BRDA:6,2,0,0
BRDA:6,2,1,0
BRDA:12,3,0,0
BRDA:12,3,1,0
BRDA:15,4,0,0
BRDA:15,4,1,0
BRDA:15,4,2,0
BRDA:16,5,0,0
BRDA:16,5,1,0
BRDA:17,6,0,0
BRDA:17,6,1,0
BRDA:20,7,0,0
BRDA:20,7,1,0
BRDA:20,7,2,0
BRDA:25,8,0,0
BRDA:25,8,1,0
BRDA:25,9,0,0
BRDA:25,9,1,0
BRDA:25,9,2,0
BRDA:27,10,0,0
BRDA:27,10,1,0
BRDA:31,11,0,0
BRDA:31,11,1,0
BRDA:31,11,2,0
BRDA:51,12,0,0
BRDA:51,12,1,0
BRDA:69,13,0,0
BRDA:69,13,1,0
BRDA:69,14,0,0
BRDA:69,14,1,0
BRDA:76,15,0,0
BRDA:76,15,1,0
BRDA:78,16,0,0
BRDA:78,16,1,0
BRDA:86,17,0,0
BRDA:86,17,1,0
BRDA:88,18,0,0
BRDA:88,18,1,0
BRDA:98,19,0,0
BRDA:98,19,1,0
BRDA:101,20,0,0
BRDA:101,20,1,0
BRDA:110,21,0,0
BRDA:110,21,1,0
BRDA:166,22,0,0
BRDA:166,22,1,0
BRDA:216,23,0,0
BRDA:216,23,1,0
BRDA:216,24,0,0
BRDA:216,24,1,0
BRDA:218,25,0,0
BRDA:218,25,1,0
BRF:59
BRH:0
end_of_record
TN:
SF:/Users/shawn/Files/Project/react-dashboard/src/components/charts/SpectrumViewPage/charting-helpers.ts
FN:2,(anonymous_0)
FN:3,(anonymous_1)
FN:13,(anonymous_2)
FN:17,(anonymous_3)
FN:27,(anonymous_4)
FN:28,clearAlignments
FN:35,drawAlignment
FN:93,drawAlignmentText
FN:101,setWidthHeight
FN:114,(anonymous_9)
FN:121,prepareArrows
FN:179,(anonymous_11)
FN:180,isOverlap
FN:198,printBoundingBox
FN:208,(anonymous_14)
FN:209,getToolTipSelection
FN:220,generateTooltip
FN:228,(anonymous_17)
FN:229,saveRectInfo
FN:230,fcn
FN:237,createIdForPeakData
FN:240,buildAndGetIonLabels
FN:242,getIntensity
FN:247,(anonymous_23)
FN:255,(anonymous_24)
FN:256,(anonymous_25)
FN:257,(anonymous_26)
FN:258,(anonymous_27)
FN:259,(anonymous_28)
FN:262,(anonymous_29)
FN:268,(anonymous_30)
FN:271,(anonymous_31)
FN:274,(anonymous_32)
FN:289,drawLabels
FN:292,(anonymous_34)
FN:309,(anonymous_35)
FNF:36
FNH:0
FNDA:0,(anonymous_0)
FNDA:0,(anonymous_1)
FNDA:0,(anonymous_2)
FNDA:0,(anonymous_3)
FNDA:0,(anonymous_4)
FNDA:0,clearAlignments
FNDA:0,drawAlignment
FNDA:0,drawAlignmentText
FNDA:0,setWidthHeight
FNDA:0,(anonymous_9)
FNDA:0,prepareArrows
FNDA:0,(anonymous_11)
FNDA:0,isOverlap
FNDA:0,printBoundingBox
FNDA:0,(anonymous_14)
FNDA:0,getToolTipSelection
FNDA:0,generateTooltip
FNDA:0,(anonymous_17)
FNDA:0,saveRectInfo
FNDA:0,fcn
FNDA:0,createIdForPeakData
FNDA:0,buildAndGetIonLabels
FNDA:0,getIntensity
FNDA:0,(anonymous_23)
FNDA:0,(anonymous_24)
FNDA:0,(anonymous_25)
FNDA:0,(anonymous_26)
FNDA:0,(anonymous_27)
FNDA:0,(anonymous_28)
FNDA:0,(anonymous_29)
FNDA:0,(anonymous_30)
FNDA:0,(anonymous_31)
FNDA:0,(anonymous_32)
FNDA:0,drawLabels
FNDA:0,(anonymous_34)
FNDA:0,(anonymous_35)
DA:2,0
DA:3,0
DA:4,0
DA:5,0
DA:6,0
DA:7,0
DA:9,0
DA:11,0
DA:13,0
DA:14,0
DA:15,0
DA:16,0
DA:18,0
DA:19,0
DA:23,0
DA:24,0
DA:25,0
DA:27,0
DA:29,0
DA:30,0
DA:31,0
DA:32,0
DA:34,0
DA:36,0
DA:37,0
DA:38,0
DA:39,0
DA:40,0
DA:41,0
DA:42,0
DA:43,0
DA:45,0
DA:46,0
DA:48,0
DA:49,0
DA:51,0
DA:52,0
DA:55,0
DA:56,0
DA:59,0
DA:61,0
DA:62,0
DA:63,0
DA:64,0
DA:65,0
DA:73,0
DA:81,0
DA:82,0
DA:84,0
DA:85,0
DA:87,0
DA:88,0
DA:89,0
DA:92,0
DA:94,0
DA:99,0
DA:100,0
DA:102,0
DA:103,0
DA:104,0
DA:105,0
DA:107,0
DA:114,0
DA:116,0
DA:122,0
DA:135,0
DA:148,0
DA:161,0
DA:175,0
DA:177,0
DA:179,0
DA:181,0
DA:182,0
DA:183,0
DA:184,0
DA:186,0
DA:187,0
DA:189,0
DA:190,0
DA:192,0
DA:193,0
DA:195,0
DA:197,0
DA:199,0
DA:204,0
DA:206,0
DA:208,0
DA:210,0
DA:212,0
DA:213,0
DA:217,0
DA:219,0
DA:221,0
DA:224,0
DA:226,0
DA:228,0
DA:231,0
DA:232,0
DA:233,0
DA:235,0
DA:238,0
DA:241,0
DA:243,0
DA:245,0
DA:246,0
DA:247,0
DA:248,0
DA:255,0
DA:256,0
DA:257,0
DA:258,0
DA:260,0
DA:263,0
DA:269,0
DA:272,0
DA:275,0
DA:276,0
DA:287,0
DA:291,0
DA:292,0
DA:294,0
DA:295,0
DA:301,0
DA:302,0
DA:303,0
DA:304,0
DA:305,0
DA:306,0
DA:310,0
DA:318,0
DA:319,0
DA:320,0
DA:321,0
DA:322,0
DA:323,0
DA:327,0
DA:329,0
DA:330,0
DA:332,0
DA:334,0
DA:335,0
DA:338,0
DA:341,0
DA:342,0
DA:343,0
DA:344,0
DA:347,0
DA:349,0
DA:350,0
DA:352,0
DA:355,0
DA:357,0
LF:152
LH:0
BRDA:2,0,0,0
BRDA:2,0,1,0
BRDA:2,0,2,0
BRDA:3,1,0,0
BRDA:3,1,1,0
BRDA:6,2,0,0
BRDA:6,2,1,0
BRDA:13,3,0,0
BRDA:13,3,1,0
BRDA:13,3,2,0
BRDA:14,4,0,0
BRDA:14,4,1,0
BRDA:15,5,0,0
BRDA:15,5,1,0
BRDA:18,6,0,0
BRDA:18,6,1,0
BRDA:18,7,0,0
BRDA:18,7,1,0
BRDA:19,8,0,0
BRDA:19,8,1,0
BRDA:36,9,0,0
BRDA:36,9,1,0
BRDA:42,10,0,0
BRDA:42,10,1,0
BRDA:42,11,0,0
BRDA:42,11,1,0
BRDA:45,12,0,0
BRDA:45,12,1,0
BRDA:48,13,0,0
BRDA:48,13,1,0
BRDA:49,14,0,0
BRDA:49,14,1,0
BRDA:51,15,0,0
BRDA:51,15,1,0
BRDA:52,16,0,0
BRDA:52,16,1,0
BRDA:55,17,0,0
BRDA:55,17,1,0
BRDA:81,18,0,0
BRDA:81,18,1,0
BRDA:84,19,0,0
BRDA:84,19,1,0
BRDA:88,20,0,0
BRDA:88,20,1,0
BRDA:116,21,0,0
BRDA:116,21,1,0
BRDA:118,22,0,0
BRDA:118,22,1,0
BRDA:119,23,0,0
BRDA:119,23,1,0
BRDA:176,24,0,0
BRDA:176,24,1,0
BRDA:183,25,0,0
BRDA:183,25,1,0
BRDA:183,26,0,0
BRDA:183,26,1,0
BRDA:186,27,0,0
BRDA:186,27,1,0
BRDA:186,28,0,0
BRDA:186,28,1,0
BRDA:189,29,0,0
BRDA:189,29,1,0
BRDA:189,30,0,0
BRDA:189,30,1,0
BRDA:192,31,0,0
BRDA:192,31,1,0
BRDA:192,32,0,0
BRDA:192,32,1,0
BRDA:195,33,0,0
BRDA:195,33,1,0
BRDA:205,34,0,0
BRDA:205,34,1,0
BRDA:212,35,0,0
BRDA:212,35,1,0
BRDA:221,36,0,0
BRDA:221,36,1,0
BRDA:221,37,0,0
BRDA:221,37,1,0
BRDA:222,38,0,0
BRDA:222,38,1,0
BRDA:225,39,0,0
BRDA:225,39,1,0
BRDA:243,40,0,0
BRDA:243,40,1,0
BRDA:272,41,0,0
BRDA:272,41,1,0
BRDA:275,42,0,0
BRDA:275,42,1,0
BRDA:301,43,0,0
BRDA:301,43,1,0
BRDA:321,44,0,0
BRDA:321,44,1,0
BRDA:330,45,0,0
BRDA:330,45,1,0
BRDA:330,46,0,0
BRDA:330,46,1,0
BRDA:330,46,2,0
BRDA:332,47,0,0
BRDA:332,47,1,0
BRDA:334,48,0,0
BRDA:334,48,1,0
BRDA:350,49,0,0
BRDA:350,49,1,0
BRDA:350,50,0,0
BRDA:350,50,1,0
BRDA:350,50,2,0
BRDA:352,51,0,0
BRDA:352,51,1,0
BRDA:356,52,0,0
BRDA:356,52,1,0
BRF:110
BRH:0
end_of_record
TN:
SF:/Users/shawn/Files/Project/react-dashboard/src/components/charts/SpectrumViewPage/index.tsx
FN:2,(anonymous_0)
FN:3,(anonymous_1)
FN:5,(anonymous_2)
FN:6,(anonymous_3)
FN:9,(anonymous_4)
FN:11,__
FN:24,(anonymous_6)
FN:26,SpectrumViewPage
FN:29,(anonymous_8)
FN:52,(anonymous_9)
FN:55,(anonymous_10)
FN:56,(anonymous_11)
FNF:12
FNH:0
FNDA:0,(anonymous_0)
FNDA:0,(anonymous_1)
FNDA:0,(anonymous_2)
FNDA:0,(anonymous_3)
FNDA:0,(anonymous_4)
FNDA:0,__
FNDA:0,(anonymous_6)
FNDA:0,SpectrumViewPage
FNDA:0,(anonymous_8)
FNDA:0,(anonymous_9)
FNDA:0,(anonymous_10)
FNDA:0,(anonymous_11)
DA:2,0
DA:3,0
DA:4,0
DA:5,0
DA:6,0
DA:7,0
DA:9,0
DA:10,0
DA:11,0
DA:12,0
DA:15,0
DA:16,0
DA:17,0
DA:18,0
DA:19,0
DA:20,0
DA:21,0
DA:22,0
DA:23,0
DA:24,0
DA:25,0
DA:27,0
DA:29,0
DA:30,0
DA:31,0
DA:32,0
DA:33,0
DA:34,0
DA:35,0
DA:36,0
DA:37,0
DA:44,0
DA:49,0
DA:52,0
DA:53,0
DA:54,0
DA:55,0
DA:56,0
DA:57,0
DA:58,0
DA:59,0
DA:61,0
DA:62,0
DA:65,0
DA:67,0
DA:69,0
LF:46
LH:0
BRDA:2,0,0,0
BRDA:2,0,1,0
BRDA:2,0,2,0
BRDA:4,1,0,0
BRDA:4,1,1,0
BRDA:4,1,2,0
BRDA:4,1,3,0
BRDA:6,2,0,0
BRDA:6,2,1,0
BRDA:12,3,0,0
BRDA:12,3,1,0
BRDA:27,4,0,0
BRDA:27,4,1,0
BRDA:27,4,2,0
BRDA:58,5,0,0
BRDA:58,5,1,0
BRDA:61,6,0,0
BRDA:61,6,1,0
BRF:18
BRH:0
end_of_record
TN:
SF:/Users/shawn/Files/Project/react-dashboard/src/components/charts/SpectrumViewPage/ion-helpers.ts
FN:2,(anonymous_0)
FN:6,(anonymous_1)
FN:16,(anonymous_2)
FN:17,getBaseName
FN:63,getSubName
FN:95,nameToType
FN:132,isCharge2Ion
FN:147,isPrecursorIon
FN:151,isImmoniumIon
FN:155,isNIon
FN:168,isBIon
FN:173,isBIonBase
FN:177,isBIonCharge2
FN:181,isYIonBase
FN:185,isYIonCharge2
FN:189,isCIon
FN:195,isZIon
FN:200,isYIon
FN:205,getIonPriority
FN:230,getIonName
FN:242,isObservedIon
FN:262,getObservedIon
FN:282,isNIonFromType
FN:295,calculateError
FN:299,calculateErrorDa
FN:327,prepareSequence
FN:351,ionTableSequence
FN:370,arrayMin
FN:382,arrayMax
FNF:29
FNH:0
FNDA:0,(anonymous_0)
FNDA:0,(anonymous_1)
FNDA:0,(anonymous_2)
FNDA:0,getBaseName
FNDA:0,getSubName
FNDA:0,nameToType
FNDA:0,isCharge2Ion
FNDA:0,isPrecursorIon
FNDA:0,isImmoniumIon
FNDA:0,isNIon
FNDA:0,isBIon
FNDA:0,isBIonBase
FNDA:0,isBIonCharge2
FNDA:0,isYIonBase
FNDA:0,isYIonCharge2
FNDA:0,isCIon
FNDA:0,isZIon
FNDA:0,isYIon
FNDA:0,getIonPriority
FNDA:0,getIonName
FNDA:0,isObservedIon
FNDA:0,getObservedIon
FNDA:0,isNIonFromType
FNDA:0,calculateError
FNDA:0,calculateErrorDa
FNDA:0,prepareSequence
FNDA:0,ionTableSequence
FNDA:0,arrayMin
FNDA:0,arrayMax
DA:2,0
DA:3,0
DA:4,0
DA:5,0
DA:7,0
DA:8,0
DA:12,0
DA:13,0
DA:14,0
DA:16,0
DA:18,0
DA:23,0
DA:28,0
DA:34,0
DA:39,0
DA:44,0
DA:49,0
DA:54,0
DA:56,0
DA:58,0
DA:60,0
DA:64,0
DA:72,0
DA:80,0
DA:88,0
DA:90,0
DA:92,0
DA:96,0
DA:97,0
DA:98,0
DA:99,0
DA:100,0
DA:101,0
DA:102,0
DA:103,0
DA:104,0
DA:105,0
DA:106,0
DA:107,0
DA:108,0
DA:109,0
DA:110,0
DA:111,0
DA:112,0
DA:113,0
DA:114,0
DA:115,0
DA:116,0
DA:117,0
DA:118,0
DA:119,0
DA:120,0
DA:121,0
DA:122,0
DA:123,0
DA:124,0
DA:125,0
DA:126,0
DA:128,0
DA:131,0
DA:133,0
DA:141,0
DA:143,0
DA:146,0
DA:148,0
DA:150,0
DA:152,0
DA:154,0
DA:156,0
DA:161,0
DA:164,0
DA:167,0
DA:169,0
DA:172,0
DA:174,0
DA:176,0
DA:178,0
DA:180,0
DA:182,0
DA:184,0
DA:186,0
DA:188,0
DA:190,0
DA:194,0
DA:196,0
DA:199,0
DA:201,0
DA:204,0
DA:206,0
DA:207,0
DA:208,0
DA:210,0
DA:211,0
DA:214,0
DA:218,0
DA:219,0
DA:221,0
DA:222,0
DA:225,0
DA:229,0
DA:231,0
DA:232,0
DA:234,0
DA:235,0
DA:238,0
DA:241,0
DA:244,0
DA:245,0
DA:246,0
DA:247,0
DA:248,0
DA:252,0
DA:254,0
DA:255,0
DA:257,0
DA:259,0
DA:261,0
DA:264,0
DA:265,0
DA:266,0
DA:267,0
DA:268,0
DA:272,0
DA:274,0
DA:275,0
DA:277,0
DA:279,0
DA:281,0
DA:283,0
DA:288,0
DA:291,0
DA:294,0
DA:296,0
DA:298,0
DA:301,0
DA:302,0
DA:303,0
DA:304,0
DA:305,0
DA:306,0
DA:307,0
DA:308,0
DA:312,0
DA:314,0
DA:315,0
DA:317,0
DA:319,0
DA:320,0
DA:323,0
DA:326,0
DA:328,0
DA:329,0
DA:330,0
DA:331,0
DA:332,0
DA:333,0
DA:334,0
DA:337,0
DA:339,0
DA:340,0
DA:344,0
DA:348,0
DA:350,0
DA:352,0
DA:353,0
DA:354,0
DA:355,0
DA:356,0
DA:357,0
DA:359,0
DA:361,0
DA:363,0
DA:364,0
DA:365,0
DA:367,0
DA:369,0
DA:371,0
DA:372,0
DA:373,0
DA:374,0
DA:375,0
DA:377,0
DA:379,0
DA:381,0
DA:383,0
DA:384,0
DA:385,0
DA:386,0
DA:387,0
DA:389,0
DA:391,0
DA:393,0
DA:395,0
LF:193
LH:0
BRDA:2,0,0,0
BRDA:2,0,1,0
BRDA:2,0,2,0
BRDA:3,1,0,0
BRDA:3,1,1,0
BRDA:4,2,0,0
BRDA:4,2,1,0
BRDA:7,3,0,0
BRDA:7,3,1,0
BRDA:7,4,0,0
BRDA:7,4,1,0
BRDA:8,5,0,0
BRDA:8,5,1,0
BRDA:18,6,0,0
BRDA:18,6,1,0
BRDA:18,6,2,0
BRDA:18,6,3,0
BRDA:18,6,4,0
BRDA:18,6,5,0
BRDA:18,6,6,0
BRDA:18,6,7,0
BRDA:18,6,8,0
BRDA:18,6,9,0
BRDA:18,6,10,0
BRDA:18,6,11,0
BRDA:18,6,12,0
BRDA:18,6,13,0
BRDA:18,6,14,0
BRDA:18,6,15,0
BRDA:18,6,16,0
BRDA:18,6,17,0
BRDA:18,6,18,0
BRDA:18,6,19,0
BRDA:18,6,20,0
BRDA:18,6,21,0
BRDA:18,6,22,0
BRDA:18,6,23,0
BRDA:18,6,24,0
BRDA:18,6,25,0
BRDA:18,6,26,0
BRDA:18,6,27,0
BRDA:18,6,28,0
BRDA:18,6,29,0
BRDA:18,6,30,0
BRDA:18,6,31,0
BRDA:64,7,0,0
BRDA:64,7,1,0
BRDA:64,7,2,0
BRDA:64,7,3,0
BRDA:64,7,4,0
BRDA:64,7,5,0
BRDA:64,7,6,0
BRDA:64,7,7,0
BRDA:64,7,8,0
BRDA:64,7,9,0
BRDA:64,7,10,0
BRDA:64,7,11,0
BRDA:64,7,12,0
BRDA:64,7,13,0
BRDA:64,7,14,0
BRDA:64,7,15,0
BRDA:64,7,16,0
BRDA:64,7,17,0
BRDA:64,7,18,0
BRDA:64,7,19,0
BRDA:64,7,20,0
BRDA:64,7,21,0
BRDA:64,7,22,0
BRDA:96,8,0,0
BRDA:96,8,1,0
BRDA:96,8,2,0
BRDA:96,8,3,0
BRDA:96,8,4,0
BRDA:96,8,5,0
BRDA:96,8,6,0
BRDA:96,8,7,0
BRDA:96,8,8,0
BRDA:96,8,9,0
BRDA:96,8,10,0
BRDA:96,8,11,0
BRDA:96,8,12,0
BRDA:96,8,13,0
BRDA:96,8,14,0
BRDA:96,8,15,0
BRDA:96,8,16,0
BRDA:96,8,17,0
BRDA:96,8,18,0
BRDA:96,8,19,0
BRDA:96,8,20,0
BRDA:96,8,21,0
BRDA:96,8,22,0
BRDA:96,8,23,0
BRDA:96,8,24,0
BRDA:96,8,25,0
BRDA:96,8,26,0
BRDA:96,8,27,0
BRDA:96,8,28,0
BRDA:96,8,29,0
BRDA:96,8,30,0
BRDA:133,9,0,0
BRDA:133,9,1,0
BRDA:133,9,2,0
BRDA:133,9,3,0
BRDA:133,9,4,0
BRDA:133,9,5,0
BRDA:133,9,6,0
BRDA:133,9,7,0
BRDA:156,10,0,0
BRDA:156,10,1,0
BRDA:156,11,0,0
BRDA:156,11,1,0
BRDA:156,11,2,0
BRDA:156,11,3,0
BRDA:156,11,4,0
BRDA:156,11,5,0
BRDA:156,11,6,0
BRDA:156,11,7,0
BRDA:156,11,8,0
BRDA:156,11,9,0
BRDA:156,11,10,0
BRDA:156,11,11,0
BRDA:156,11,12,0
BRDA:169,12,0,0
BRDA:169,12,1,0
BRDA:169,12,2,0
BRDA:169,12,3,0
BRDA:190,13,0,0
BRDA:190,13,1,0
BRDA:190,13,2,0
BRDA:190,13,3,0
BRDA:190,13,4,0
BRDA:196,14,0,0
BRDA:196,14,1,0
BRDA:196,14,2,0
BRDA:196,14,3,0
BRDA:201,15,0,0
BRDA:201,15,1,0
BRDA:201,15,2,0
BRDA:201,15,3,0
BRDA:206,16,0,0
BRDA:206,16,1,0
BRDA:207,17,0,0
BRDA:207,17,1,0
BRDA:207,18,0,0
BRDA:207,18,1,0
BRDA:210,19,0,0
BRDA:210,19,1,0
BRDA:210,20,0,0
BRDA:210,20,1,0
BRDA:218,21,0,0
BRDA:218,21,1,0
BRDA:218,22,0,0
BRDA:218,22,1,0
BRDA:221,23,0,0
BRDA:221,23,1,0
BRDA:221,24,0,0
BRDA:221,24,1,0
BRDA:231,25,0,0
BRDA:231,25,1,0
BRDA:234,26,0,0
BRDA:234,26,1,0
BRDA:247,27,0,0
BRDA:247,27,1,0
BRDA:247,28,0,0
BRDA:247,28,1,0
BRDA:247,28,2,0
BRDA:247,28,3,0
BRDA:255,29,0,0
BRDA:255,29,1,0
BRDA:255,30,0,0
BRDA:255,30,1,0
BRDA:255,30,2,0
BRDA:257,31,0,0
BRDA:257,31,1,0
BRDA:267,32,0,0
BRDA:267,32,1,0
BRDA:267,33,0,0
BRDA:267,33,1,0
BRDA:267,33,2,0
BRDA:267,33,3,0
BRDA:275,34,0,0
BRDA:275,34,1,0
BRDA:275,35,0,0
BRDA:275,35,1,0
BRDA:275,35,2,0
BRDA:277,36,0,0
BRDA:277,36,1,0
BRDA:283,37,0,0
BRDA:283,37,1,0
BRDA:283,38,0,0
BRDA:283,38,1,0
BRDA:283,38,2,0
BRDA:283,38,3,0
BRDA:283,38,4,0
BRDA:283,38,5,0
BRDA:283,38,6,0
BRDA:283,38,7,0
BRDA:283,38,8,0
BRDA:283,38,9,0
BRDA:283,38,10,0
BRDA:283,38,11,0
BRDA:283,38,12,0
BRDA:283,38,13,0
BRDA:301,39,0,0
BRDA:301,39,1,0
BRDA:306,40,0,0
BRDA:306,40,1,0
BRDA:315,41,0,0
BRDA:315,41,1,0
BRDA:315,42,0,0
BRDA:315,42,1,0
BRDA:315,42,2,0
BRDA:317,43,0,0
BRDA:317,43,1,0
BRDA:319,44,0,0
BRDA:319,44,1,0
BRDA:331,45,0,0
BRDA:331,45,1,0
BRDA:332,46,0,0
BRDA:332,46,1,0
BRDA:333,47,0,0
BRDA:333,47,1,0
BRDA:356,48,0,0
BRDA:356,48,1,0
BRDA:357,49,0,0
BRDA:357,49,1,0
BRDA:357,49,2,0
BRDA:357,49,3,0
BRDA:374,50,0,0
BRDA:374,50,1,0
BRDA:386,51,0,0
BRDA:386,51,1,0
BRDA:394,52,0,0
BRDA:394,52,1,0
BRF:234
BRH:0
end_of_record
TN:
SF:/Users/shawn/Files/Project/react-dashboard/src/components/charts/VolcanoPlotPage/VolcanoPlot.tsx
FN:2,(anonymous_0)
FN:3,(anonymous_1)
FN:5,(anonymous_2)
FN:6,(anonymous_3)
FN:9,(anonymous_4)
FN:11,__
FN:15,(anonymous_6)
FN:19,(anonymous_7)
FN:35,(anonymous_8)
FN:37,VolcanoPlot
FN:66,(anonymous_10)
FN:69,(anonymous_11)
FN:74,(anonymous_12)
FN:81,(anonymous_13)
FN:85,(anonymous_14)
FN:150,(anonymous_15)
FN:173,(anonymous_16)
FN:205,(anonymous_17)
FN:206,(anonymous_18)
FN:207,(anonymous_19)
FN:211,(anonymous_20)
FN:214,(anonymous_21)
FN:217,(anonymous_22)
FN:225,(anonymous_23)
FN:230,(anonymous_24)
FN:232,(anonymous_25)
FN:236,(anonymous_26)
FN:239,(anonymous_27)
FN:261,(anonymous_28)
FN:268,(anonymous_29)
FN:269,(anonymous_30)
FN:271,(anonymous_31)
FN:322,(anonymous_32)
FN:344,(anonymous_33)
FN:347,(anonymous_34)
FN:350,(anonymous_35)
FN:370,(anonymous_36)
FN:381,(anonymous_37)
FN:386,(anonymous_38)
FN:393,(anonymous_39)
FNF:40
FNH:0
FNDA:0,(anonymous_0)
FNDA:0,(anonymous_1)
FNDA:0,(anonymous_2)
FNDA:0,(anonymous_3)
FNDA:0,(anonymous_4)
FNDA:0,__
FNDA:0,(anonymous_6)
FNDA:0,(anonymous_7)
FNDA:0,(anonymous_8)
FNDA:0,VolcanoPlot
FNDA:0,(anonymous_10)
FNDA:0,(anonymous_11)
FNDA:0,(anonymous_12)
FNDA:0,(anonymous_13)
FNDA:0,(anonymous_14)
FNDA:0,(anonymous_15)
FNDA:0,(anonymous_16)
FNDA:0,(anonymous_17)
FNDA:0,(anonymous_18)
FNDA:0,(anonymous_19)
FNDA:0,(anonymous_20)
FNDA:0,(anonymous_21)
FNDA:0,(anonymous_22)
FNDA:0,(anonymous_23)
FNDA:0,(anonymous_24)
FNDA:0,(anonymous_25)
FNDA:0,(anonymous_26)
FNDA:0,(anonymous_27)
FNDA:0,(anonymous_28)
FNDA:0,(anonymous_29)
FNDA:0,(anonymous_30)
FNDA:0,(anonymous_31)
FNDA:0,(anonymous_32)
FNDA:0,(anonymous_33)
FNDA:0,(anonymous_34)
FNDA:0,(anonymous_35)
FNDA:0,(anonymous_36)
FNDA:0,(anonymous_37)
FNDA:0,(anonymous_38)
FNDA:0,(anonymous_39)
DA:2,0
DA:3,0
DA:4,0
DA:5,0
DA:6,0
DA:7,0
DA:9,0
DA:10,0
DA:11,0
DA:12,0
DA:15,0
DA:16,0
DA:17,0
DA:18,0
DA:20,0
DA:21,0
DA:25,0
DA:26,0
DA:27,0
DA:28,0
DA:29,0
DA:30,0
DA:31,0
DA:32,0
DA:33,0
DA:34,0
DA:35,0
DA:36,0
DA:38,0
DA:39,0
DA:45,0
DA:46,0
DA:47,0
DA:48,0
DA:49,0
DA:62,0
DA:63,0
DA:64,0
DA:66,0
DA:67,0
DA:69,0
DA:70,0
DA:71,0
DA:74,0
DA:75,0
DA:76,0
DA:78,0
DA:79,0
DA:81,0
DA:82,0
DA:85,0
DA:87,0
DA:88,0
DA:89,0
DA:90,0
DA:91,0
DA:94,0
DA:95,0
DA:96,0
DA:97,0
DA:102,0
DA:107,0
DA:111,0
DA:117,0
DA:118,0
DA:119,0
DA:120,0
DA:122,0
DA:125,0
DA:126,0
DA:127,0
DA:128,0
DA:129,0
DA:130,0
DA:132,0
DA:133,0
DA:134,0
DA:135,0
DA:136,0
DA:137,0
DA:138,0
DA:139,0
DA:142,0
DA:144,0
DA:145,0
DA:147,0
DA:149,0
DA:151,0
DA:153,0
DA:154,0
DA:158,0
DA:161,0
DA:169,0
DA:172,0
DA:173,0
DA:174,0
DA:177,0
DA:178,0
DA:179,0
DA:180,0
DA:182,0
DA:183,0
DA:186,0
DA:188,0
DA:189,0
DA:191,0
DA:192,0
DA:193,0
DA:195,0
DA:199,0
DA:200,0
DA:203,0
DA:205,0
DA:206,0
DA:207,0
DA:211,0
DA:215,0
DA:218,0
DA:221,0
DA:226,0
DA:231,0
DA:232,0
DA:233,0
DA:234,0
DA:236,0
DA:237,0
DA:239,0
DA:241,0
DA:242,0
DA:243,0
DA:244,0
DA:245,0
DA:246,0
DA:247,0
DA:248,0
DA:249,0
DA:250,0
DA:253,0
DA:255,0
DA:256,0
DA:258,0
DA:260,0
DA:262,0
DA:264,0
DA:265,0
DA:266,0
DA:267,0
DA:268,0
DA:269,0
DA:271,0
DA:273,0
DA:274,0
DA:275,0
DA:276,0
DA:277,0
DA:278,0
DA:279,0
DA:280,0
DA:281,0
DA:282,0
DA:284,0
DA:285,0
DA:286,0
DA:287,0
DA:290,0
DA:294,0
DA:295,0
DA:296,0
DA:299,0
DA:302,0
DA:310,0
DA:313,0
DA:315,0
DA:316,0
DA:318,0
DA:320,0
DA:322,0
DA:324,0
DA:328,0
DA:329,0
DA:330,0
DA:331,0
DA:332,0
DA:335,0
DA:337,0
DA:338,0
DA:340,0
DA:342,0
DA:344,0
DA:345,0
DA:347,0
DA:348,0
DA:350,0
DA:352,0
DA:353,0
DA:354,0
DA:355,0
DA:356,0
DA:357,0
DA:361,0
DA:363,0
DA:364,0
DA:366,0
DA:368,0
DA:370,0
DA:371,0
DA:372,0
DA:374,0
DA:375,0
DA:377,0
DA:378,0
DA:379,0
DA:381,0
DA:382,0
DA:386,0
DA:387,0
DA:390,0
DA:393,0
DA:395,0
DA:396,0
DA:398,0
DA:399,0
DA:400,0
DA:401,0
DA:402,0
DA:403,0
DA:404,0
DA:408,0
DA:410,0
DA:411,0
DA:413,0
DA:415,0
DA:416,0
DA:419,0
DA:421,0
LF:235
LH:0
BRDA:2,0,0,0
BRDA:2,0,1,0
BRDA:2,0,2,0
BRDA:4,1,0,0
BRDA:4,1,1,0
BRDA:4,1,2,0
BRDA:4,1,3,0
BRDA:6,2,0,0
BRDA:6,2,1,0
BRDA:12,3,0,0
BRDA:12,3,1,0
BRDA:15,4,0,0
BRDA:15,4,1,0
BRDA:15,4,2,0
BRDA:16,5,0,0
BRDA:16,5,1,0
BRDA:17,6,0,0
BRDA:17,6,1,0
BRDA:20,7,0,0
BRDA:20,7,1,0
BRDA:20,8,0,0
BRDA:20,8,1,0
BRDA:21,9,0,0
BRDA:21,9,1,0
BRDA:38,10,0,0
BRDA:38,10,1,0
BRDA:70,11,0,0
BRDA:70,11,1,0
BRDA:75,12,0,0
BRDA:75,12,1,0
BRDA:128,13,0,0
BRDA:128,13,1,0
BRDA:145,14,0,0
BRDA:145,14,1,0
BRDA:145,15,0,0
BRDA:145,15,1,0
BRDA:145,15,2,0
BRDA:147,16,0,0
BRDA:147,16,1,0
BRDA:172,17,0,0
BRDA:172,17,1,0
BRDA:177,18,0,0
BRDA:177,18,1,0
BRDA:178,19,0,0
BRDA:178,19,1,0
BRDA:186,20,0,0
BRDA:186,20,1,0
BRDA:256,21,0,0
BRDA:256,21,1,0
BRDA:256,22,0,0
BRDA:256,22,1,0
BRDA:256,22,2,0
BRDA:258,23,0,0
BRDA:258,23,1,0
BRDA:280,24,0,0
BRDA:280,24,1,0
BRDA:284,25,0,0
BRDA:284,25,1,0
BRDA:285,26,0,0
BRDA:285,26,1,0
BRDA:285,27,0,0
BRDA:285,27,1,0
BRDA:294,28,0,0
BRDA:294,28,1,0
BRDA:294,29,0,0
BRDA:294,29,1,0
BRDA:303,30,0,0
BRDA:303,30,1,0
BRDA:304,31,0,0
BRDA:304,31,1,0
BRDA:316,32,0,0
BRDA:316,32,1,0
BRDA:316,33,0,0
BRDA:316,33,1,0
BRDA:316,33,2,0
BRDA:318,34,0,0
BRDA:318,34,1,0
BRDA:338,35,0,0
BRDA:338,35,1,0
BRDA:338,36,0,0
BRDA:338,36,1,0
BRDA:338,36,2,0
BRDA:340,37,0,0
BRDA:340,37,1,0
BRDA:356,38,0,0
BRDA:356,38,1,0
BRDA:364,39,0,0
BRDA:364,39,1,0
BRDA:364,40,0,0
BRDA:364,40,1,0
BRDA:364,40,2,0
BRDA:366,41,0,0
BRDA:366,41,1,0
BRDA:371,42,0,0
BRDA:371,42,1,0
BRDA:371,43,0,0
BRDA:371,43,1,0
BRDA:371,43,2,0
BRDA:374,44,0,0
BRDA:374,44,1,0
BRDA:395,45,0,0
BRDA:395,45,1,0
BRDA:402,46,0,0
BRDA:402,46,1,0
BRDA:411,47,0,0
BRDA:411,47,1,0
BRDA:411,48,0,0
BRDA:411,48,1,0
BRDA:411,48,2,0
BRDA:413,49,0,0
BRDA:413,49,1,0
BRDA:415,50,0,0
BRDA:415,50,1,0
BRF:113
BRH:0
end_of_record
TN:
SF:/Users/shawn/Files/Project/react-dashboard/src/components/charts/VolcanoPlotPage/index.tsx
FN:2,(anonymous_0)
FN:3,(anonymous_1)
FN:5,(anonymous_2)
FN:6,(anonymous_3)
FN:9,(anonymous_4)
FN:11,__
FN:19,(anonymous_6)
FN:21,VolcanoPlotPage
FN:24,(anonymous_8)
FNF:9
FNH:0
FNDA:0,(anonymous_0)
FNDA:0,(anonymous_1)
FNDA:0,(anonymous_2)
FNDA:0,(anonymous_3)
FNDA:0,(anonymous_4)
FNDA:0,__
FNDA:0,(anonymous_6)
FNDA:0,VolcanoPlotPage
FNDA:0,(anonymous_8)
DA:2,0
DA:3,0
DA:4,0
DA:5,0
DA:6,0
DA:7,0
DA:9,0
DA:10,0
DA:11,0
DA:12,0
DA:15,0
DA:16,0
DA:17,0
DA:18,0
DA:19,0
DA:20,0
DA:22,0
DA:24,0
DA:25,0
DA:27,0
DA:29,0
LF:21
LH:0
BRDA:2,0,0,0
BRDA:2,0,1,0
BRDA:2,0,2,0
BRDA:4,1,0,0
BRDA:4,1,1,0
BRDA:4,1,2,0
BRDA:4,1,3,0
BRDA:6,2,0,0
BRDA:6,2,1,0
BRDA:12,3,0,0
BRDA:12,3,1,0
BRDA:22,4,0,0
BRDA:22,4,1,0
BRDA:22,4,2,0
BRF:14
BRH:0
end_of_record
TN:
SF:/Users/shawn/Files/Project/react-dashboard/src/components/mui/ButtonsPage/ButtonBases.tsx
FN:9,(anonymous_0)
FN:102,ButtonBases
FN:104,(anonymous_2)
FNF:3
FNH:0
FNDA:0,(anonymous_0)
FNDA:0,ButtonBases
FNDA:0,(anonymous_2)
DA:2,0
DA:3,0
DA:4,0
DA:5,0
DA:6,0
DA:7,0
DA:8,0
DA:9,0
DA:11,0
DA:85,0
DA:103,0
DA:104,0
DA:114,0
LF:13
LH:0
BRF:0
BRH:0
end_of_record
TN:
SF:/Users/shawn/Files/Project/react-dashboard/src/components/mui/ButtonsPage/ContainedButtons.tsx
FN:6,(anonymous_0)
FN:14,ContainedButtons
FNF:2
FNH:0
FNDA:0,(anonymous_0)
FNDA:0,ContainedButtons
DA:2,0
DA:3,0
DA:4,0
DA:5,0
DA:6,0
DA:15,0
DA:16,0
DA:26,0
LF:8
LH:0
BRF:0
BRH:0
end_of_record
TN:
SF:/Users/shawn/Files/Project/react-dashboard/src/components/mui/ButtonsPage/CustomizedButtons.tsx
FN:9,(anonymous_0)
FN:66,CustomizedInputs
FNF:2
FNH:0
FNDA:0,(anonymous_0)
FNDA:0,CustomizedInputs
DA:2,0
DA:3,0
DA:4,0
DA:5,0
DA:6,0
DA:7,0
DA:8,0
DA:9,0
DA:58,0
DA:67,0
DA:68,0
DA:74,0
LF:12
LH:0
BRF:0
BRH:0
end_of_record
TN:
SF:/Users/shawn/Files/Project/react-dashboard/src/components/mui/ButtonsPage/FloatingActionButtonZoom.tsx
FN:2,(anonymous_0)
FN:3,(anonymous_1)
FN:5,(anonymous_2)
FN:6,(anonymous_3)
FN:9,(anonymous_4)
FN:11,__
FN:30,TabContainer
FN:34,(anonymous_7)
FN:51,(anonymous_8)
FN:53,FloatingActionButtonZoom
FN:62,(anonymous_10)
FN:96,(anonymous_11)
FN:101,(anonymous_12)
FN:104,(anonymous_13)
FNF:14
FNH:0
FNDA:0,(anonymous_0)
FNDA:0,(anonymous_1)
FNDA:0,(anonymous_2)
FNDA:0,(anonymous_3)
FNDA:0,(anonymous_4)
FNDA:0,__
FNDA:0,TabContainer
FNDA:0,(anonymous_7)
FNDA:0,(anonymous_8)
FNDA:0,FloatingActionButtonZoom
FNDA:0,(anonymous_10)
FNDA:0,(anonymous_11)
FNDA:0,(anonymous_12)
FNDA:0,(anonymous_13)
DA:2,0
DA:3,0
DA:4,0
DA:5,0
DA:6,0
DA:7,0
DA:9,0
DA:10,0
DA:11,0
DA:12,0
DA:15,0
DA:16,0
DA:17,0
DA:18,0
DA:19,0
DA:20,0
DA:21,0
DA:22,0
DA:23,0
DA:24,0
DA:25,0
DA:26,0
DA:27,0
DA:28,0
DA:29,0
DA:31,0
DA:32,0
DA:34,0
DA:51,0
DA:52,0
DA:54,0
DA:55,0
DA:58,0
DA:59,0
DA:60,0
DA:62,0
DA:63,0
DA:64,0
DA:65,0
DA:69,0
DA:86,0
DA:96,0
DA:101,0
DA:102,0
DA:104,0
DA:105,0
DA:107,0
LF:47
LH:0
BRDA:2,0,0,0
BRDA:2,0,1,0
BRDA:2,0,2,0
BRDA:4,1,0,0
BRDA:4,1,1,0
BRDA:4,1,2,0
BRDA:4,1,3,0
BRDA:6,2,0,0
BRDA:6,2,1,0
BRDA:12,3,0,0
BRDA:12,3,1,0
BRDA:54,4,0,0
BRDA:54,4,1,0
BRDA:92,5,0,0
BRDA:92,5,1,0
BRDA:97,6,0,0
BRDA:97,6,1,0
BRF:17
BRH:0
end_of_record
TN:
SF:/Users/shawn/Files/Project/react-dashboard/src/components/mui/ButtonsPage/FloatingActionButtons.tsx
FN:10,(anonymous_0)
FN:18,FloatingActionButtons
FNF:2
FNH:0
FNDA:0,(anonymous_0)
FNDA:0,FloatingActionButtons
DA:2,0
DA:3,0
DA:4,0
DA:5,0
DA:6,0
DA:7,0
DA:8,0
DA:9,0
DA:10,0
DA:19,0
DA:20,0
DA:31,0
LF:12
LH:0
BRF:0
BRH:0
end_of_record
TN:
SF:/Users/shawn/Files/Project/react-dashboard/src/components/mui/ButtonsPage/IconButtons.tsx
FN:10,(anonymous_0)
FN:18,IconButtons
FNF:2
FNH:0
FNDA:0,(anonymous_0)
FNDA:0,IconButtons
DA:2,0
DA:3,0
DA:4,0
DA:5,0
DA:6,0
DA:7,0
DA:8,0
DA:9,0
DA:10,0
DA:19,0
DA:20,0
DA:34,0
LF:12
LH:0
BRF:0
BRH:0
end_of_record
TN:
SF:/Users/shawn/Files/Project/react-dashboard/src/components/mui/ButtonsPage/IconLabelButtons.tsx
FN:12,(anonymous_0)
FN:26,IconLabelButtons
FNF:2
FNH:0
FNDA:0,(anonymous_0)
FNDA:0,IconLabelButtons
DA:2,0
DA:3,0
DA:4,0
DA:5,0
DA:6,0
DA:7,0
DA:8,0
DA:9,0
DA:10,0
DA:11,0
DA:12,0
DA:27,0
DA:28,0
DA:45,0
LF:14
LH:0
BRF:0
BRH:0
end_of_record
TN:
SF:/Users/shawn/Files/Project/react-dashboard/src/components/mui/ButtonsPage/OutlinedButtons.tsx
FN:6,(anonymous_0)
FN:14,OutlinedButtons
FNF:2
FNH:0
FNDA:0,(anonymous_0)
FNDA:0,OutlinedButtons
DA:2,0
DA:3,0
DA:4,0
DA:5,0
DA:6,0
DA:15,0
DA:16,0
DA:26,0
LF:8
LH:0
BRF:0
BRH:0
end_of_record
TN:
SF:/Users/shawn/Files/Project/react-dashboard/src/components/mui/ButtonsPage/SizeButtons.tsx
FN:9,(anonymous_0)
FN:14,ButtonSizes
FNF:2
FNH:0
FNDA:0,(anonymous_0)
FNDA:0,ButtonSizes
DA:2,0
DA:3,0
DA:4,0
DA:5,0
DA:6,0
DA:7,0
DA:8,0
DA:9,0
DA:15,0
DA:16,0
DA:42,0
LF:11
LH:0
BRF:0
BRH:0
end_of_record
TN:
SF:/Users/shawn/Files/Project/react-dashboard/src/components/mui/ButtonsPage/TextButtons.tsx
FN:6,(anonymous_0)
FN:14,TextButtons
FNF:2
FNH:0
FNDA:0,(anonymous_0)
FNDA:0,TextButtons
DA:2,0
DA:3,0
DA:4,0
DA:5,0
DA:6,0
DA:15,0
DA:25,0
LF:7
LH:0
BRF:0
BRH:0
end_of_record
TN:
SF:/Users/shawn/Files/Project/react-dashboard/src/components/mui/ButtonsPage/index.tsx
FN:2,(anonymous_0)
FN:3,(anonymous_1)
FN:5,(anonymous_2)
FN:6,(anonymous_3)
FN:9,(anonymous_4)
FN:11,__
FN:28,(anonymous_6)
FN:30,ButtonsPage
FN:33,(anonymous_8)
FNF:9
FNH:0
FNDA:0,(anonymous_0)
FNDA:0,(anonymous_1)
FNDA:0,(anonymous_2)
FNDA:0,(anonymous_3)
FNDA:0,(anonymous_4)
FNDA:0,__
FNDA:0,(anonymous_6)
FNDA:0,ButtonsPage
FNDA:0,(anonymous_8)
DA:2,0
DA:3,0
DA:4,0
DA:5,0
DA:6,0
DA:7,0
DA:9,0
DA:10,0
DA:11,0
DA:12,0
DA:15,0
DA:16,0
DA:17,0
DA:18,0
DA:19,0
DA:20,0
DA:21,0
DA:22,0
DA:23,0
DA:24,0
DA:25,0
DA:26,0
DA:27,0
DA:28,0
DA:29,0
DA:31,0
DA:33,0
DA:34,0
DA:57,0
DA:59,0
LF:30
LH:0
BRDA:2,0,0,0
BRDA:2,0,1,0
BRDA:2,0,2,0
BRDA:4,1,0,0
BRDA:4,1,1,0
BRDA:4,1,2,0
BRDA:4,1,3,0
BRDA:6,2,0,0
BRDA:6,2,1,0
BRDA:12,3,0,0
BRDA:12,3,1,0
BRDA:31,4,0,0
BRDA:31,4,1,0
BRDA:31,4,2,0
BRF:14
BRH:0
end_of_record
TN:
SF:/Users/shawn/Files/Project/react-dashboard/src/components/mui/CustomizePage/AutoCompleteTextFieldWrapper.tsx
FN:17,AutoCompleteTextFieldWrapper
FNF:1
FNH:0
FNDA:0,AutoCompleteTextFieldWrapper
DA:2,0
DA:3,0
DA:4,0
DA:5,0
DA:18,0
DA:20,0
LF:6
LH:0
BRF:0
BRH:0
end_of_record
TN:
SF:/Users/shawn/Files/Project/react-dashboard/src/components/mui/CustomizePage/DraggableFileContainer.tsx
FN:2,(anonymous_0)
FN:3,(anonymous_1)
FN:5,(anonymous_2)
FN:6,(anonymous_3)
FN:9,(anonymous_4)
FN:11,__
FN:21,(anonymous_6)
FN:23,FileContainer
FN:30,(anonymous_8)
FN:36,(anonymous_9)
FN:42,(anonymous_10)
FN:49,(anonymous_11)
FN:60,(anonymous_12)
FNF:13
FNH:0
FNDA:0,(anonymous_0)
FNDA:0,(anonymous_1)
FNDA:0,(anonymous_2)
FNDA:0,(anonymous_3)
FNDA:0,(anonymous_4)
FNDA:0,__
FNDA:0,(anonymous_6)
FNDA:0,FileContainer
FNDA:0,(anonymous_8)
FNDA:0,(anonymous_9)
FNDA:0,(anonymous_10)
FNDA:0,(anonymous_11)
FNDA:0,(anonymous_12)
DA:2,0
DA:3,0
DA:4,0
DA:5,0
DA:6,0
DA:7,0
DA:9,0
DA:10,0
DA:11,0
DA:12,0
DA:15,0
DA:16,0
DA:17,0
DA:18,0
DA:19,0
DA:20,0
DA:21,0
DA:22,0
DA:24,0
DA:25,0
DA:28,0
DA:30,0
DA:31,0
DA:34,0
DA:36,0
DA:37,0
DA:38,0
DA:39,0
DA:40,0
DA:41,0
DA:43,0
DA:46,0
DA:48,0
DA:50,0
DA:51,0
DA:52,0
DA:53,0
DA:55,0
DA:60,0
DA:61,0
DA:67,0
DA:68,0
LF:42
LH:0
BRDA:2,0,0,0
BRDA:2,0,1,0
BRDA:2,0,2,0
BRDA:4,1,0,0
BRDA:4,1,1,0
BRDA:4,1,2,0
BRDA:4,1,3,0
BRDA:6,2,0,0
BRDA:6,2,1,0
BRDA:12,3,0,0
BRDA:12,3,1,0
BRDA:24,4,0,0
BRDA:24,4,1,0
BRDA:38,5,0,0
BRDA:38,5,1,0
BRDA:39,6,0,0
BRDA:39,6,1,0
BRDA:52,7,0,0
BRDA:52,7,1,0
BRF:19
BRH:0
end_of_record
TN:
SF:/Users/shawn/Files/Project/react-dashboard/src/components/mui/CustomizePage/DraggableFileListItem.tsx
FN:2,(anonymous_0)
FN:3,(anonymous_1)
FN:5,(anonymous_2)
FN:6,(anonymous_3)
FN:9,(anonymous_4)
FN:11,__
FN:27,(anonymous_6)
FN:34,(anonymous_7)
FN:43,(anonymous_8)
FN:68,(anonymous_9)
FN:74,(anonymous_10)
FN:80,(anonymous_11)
FN:85,(anonymous_12)
FN:87,FileListItem
FN:96,(anonymous_14)
FN:104,(anonymous_15)
FN:114,(anonymous_16)
FN:117,(anonymous_17)
FNF:18
FNH:0
FNDA:0,(anonymous_0)
FNDA:0,(anonymous_1)
FNDA:0,(anonymous_2)
FNDA:0,(anonymous_3)
FNDA:0,(anonymous_4)
FNDA:0,__
FNDA:0,(anonymous_6)
FNDA:0,(anonymous_7)
FNDA:0,(anonymous_8)
FNDA:0,(anonymous_9)
FNDA:0,(anonymous_10)
FNDA:0,(anonymous_11)
FNDA:0,(anonymous_12)
FNDA:0,FileListItem
FNDA:0,(anonymous_14)
FNDA:0,(anonymous_15)
FNDA:0,(anonymous_16)
FNDA:0,(anonymous_17)
DA:2,0
DA:3,0
DA:4,0
DA:5,0
DA:6,0
DA:7,0
DA:9,0
DA:10,0
DA:11,0
DA:12,0
DA:15,0
DA:16,0
DA:17,0
DA:18,0
DA:19,0
DA:20,0
DA:21,0
DA:22,0
DA:23,0
DA:24,0
DA:25,0
DA:26,0
DA:28,0
DA:35,0
DA:36,0
DA:37,0
DA:38,0
DA:42,0
DA:44,0
DA:45,0
DA:46,0
DA:47,0
DA:48,0
DA:49,0
DA:50,0
DA:52,0
DA:53,0
DA:55,0
DA:56,0
DA:57,0
DA:58,0
DA:59,0
DA:60,0
DA:62,0
DA:63,0
DA:65,0
DA:66,0
DA:69,0
DA:74,0
DA:75,0
DA:80,0
DA:81,0
DA:85,0
DA:86,0
DA:88,0
DA:89,0
DA:92,0
DA:93,0
DA:94,0
DA:96,0
DA:97,0
DA:98,0
DA:100,0
DA:104,0
DA:105,0
DA:106,0
DA:114,0
DA:115,0
DA:117,0
DA:118,0
DA:121,0
DA:123,0
DA:125,0
DA:126,0
LF:74
LH:0
BRDA:2,0,0,0
BRDA:2,0,1,0
BRDA:2,0,2,0
BRDA:4,1,0,0
BRDA:4,1,1,0
BRDA:4,1,2,0
BRDA:4,1,3,0
BRDA:6,2,0,0
BRDA:6,2,1,0
BRDA:12,3,0,0
BRDA:12,3,1,0
BRDA:37,4,0,0
BRDA:37,4,1,0
BRDA:37,5,0,0
BRDA:37,5,1,0
BRDA:49,6,0,0
BRDA:49,6,1,0
BRDA:52,7,0,0
BRDA:52,7,1,0
BRDA:59,8,0,0
BRDA:59,8,1,0
BRDA:59,9,0,0
BRDA:59,9,1,0
BRDA:62,10,0,0
BRDA:62,10,1,0
BRDA:62,11,0,0
BRDA:62,11,1,0
BRDA:88,12,0,0
BRDA:88,12,1,0
BRDA:97,13,0,0
BRDA:97,13,1,0
BRDA:105,14,0,0
BRDA:105,14,1,0
BRF:33
BRH:0
end_of_record
TN:
SF:/Users/shawn/Files/Project/react-dashboard/src/components/mui/CustomizePage/DraggableItem.tsx
FN:2,(anonymous_0)
FN:3,(anonymous_1)
FN:17,DraggableItem
FN:18,(anonymous_3)
FN:21,getItemStyle
FNF:5
FNH:0
FNDA:0,(anonymous_0)
FNDA:0,(anonymous_1)
FNDA:0,DraggableItem
FNDA:0,(anonymous_3)
FNDA:0,getItemStyle
DA:2,0
DA:3,0
DA:4,0
DA:5,0
DA:6,0
DA:7,0
DA:9,0
DA:11,0
DA:13,0
DA:14,0
DA:15,0
DA:16,0
DA:18,0
DA:22,0
DA:25,0
LF:15
LH:0
BRDA:2,0,0,0
BRDA:2,0,1,0
BRDA:2,0,2,0
BRDA:3,1,0,0
BRDA:3,1,1,0
BRDA:6,2,0,0
BRDA:6,2,1,0
BRDA:22,3,0,0
BRDA:22,3,1,0
BRF:9
BRH:0
end_of_record
TN:
SF:/Users/shawn/Files/Project/react-dashboard/src/components/mui/CustomizePage/DroppableContainer.tsx
FN:2,(anonymous_0)
FN:3,(anonymous_1)
FN:5,(anonymous_2)
FN:6,(anonymous_3)
FN:9,(anonymous_4)
FN:11,__
FN:15,(anonymous_6)
FN:36,(anonymous_7)
FN:38,DroppableContainer
FN:40,(anonymous_9)
FN:41,(anonymous_10)
FN:47,(anonymous_11)
FN:53,(anonymous_12)
FN:63,(anonymous_13)
FN:75,(anonymous_14)
FN:78,(anonymous_15)
FN:79,(anonymous_16)
FN:80,(anonymous_17)
FN:85,(anonymous_18)
FN:102,(anonymous_19)
FNF:20
FNH:0
FNDA:0,(anonymous_0)
FNDA:0,(anonymous_1)
FNDA:0,(anonymous_2)
FNDA:0,(anonymous_3)
FNDA:0,(anonymous_4)
FNDA:0,__
FNDA:0,(anonymous_6)
FNDA:0,(anonymous_7)
FNDA:0,DroppableContainer
FNDA:0,(anonymous_9)
FNDA:0,(anonymous_10)
FNDA:0,(anonymous_11)
FNDA:0,(anonymous_12)
FNDA:0,(anonymous_13)
FNDA:0,(anonymous_14)
FNDA:0,(anonymous_15)
FNDA:0,(anonymous_16)
FNDA:0,(anonymous_17)
FNDA:0,(anonymous_18)
FNDA:0,(anonymous_19)
DA:2,0
DA:3,0
DA:4,0
DA:5,0
DA:6,0
DA:7,0
DA:9,0
DA:10,0
DA:11,0
DA:12,0
DA:15,0
DA:16,0
DA:17,0
DA:18,0
DA:19,0
DA:20,0
DA:22,0
DA:24,0
DA:25,0
DA:27,0
DA:29,0
DA:31,0
DA:32,0
DA:33,0
DA:34,0
DA:35,0
DA:36,0
DA:37,0
DA:39,0
DA:40,0
DA:41,0
DA:42,0
DA:43,0
DA:45,0
DA:47,0
DA:48,0
DA:49,0
DA:50,0
DA:51,0
DA:53,0
DA:54,0
DA:55,0
DA:56,0
DA:57,0
DA:58,0
DA:59,0
DA:60,0
DA:61,0
DA:63,0
DA:69,0
DA:72,0
DA:73,0
DA:75,0
DA:76,0
DA:77,0
DA:79,0
DA:80,0
DA:85,0
DA:86,0
DA:87,0
DA:88,0
DA:89,0
DA:90,0
DA:95,0
DA:100,0
DA:102,0
DA:103,0
DA:104,0
DA:105,0
DA:107,0
DA:108,0
DA:109,0
DA:110,0
DA:111,0
DA:116,0
DA:117,0
DA:122,0
DA:124,0
LF:78
LH:0
BRDA:2,0,0,0
BRDA:2,0,1,0
BRDA:2,0,2,0
BRDA:4,1,0,0
BRDA:4,1,1,0
BRDA:4,1,2,0
BRDA:4,1,3,0
BRDA:6,2,0,0
BRDA:6,2,1,0
BRDA:12,3,0,0
BRDA:12,3,1,0
BRDA:15,4,0,0
BRDA:15,4,1,0
BRDA:15,4,2,0
BRDA:16,5,0,0
BRDA:16,5,1,0
BRDA:17,6,0,0
BRDA:17,6,1,0
BRDA:20,7,0,0
BRDA:20,7,1,0
BRDA:20,7,2,0
BRDA:25,8,0,0
BRDA:25,8,1,0
BRDA:25,9,0,0
BRDA:25,9,1,0
BRDA:25,9,2,0
BRDA:27,10,0,0
BRDA:27,10,1,0
BRDA:39,11,0,0
BRDA:39,11,1,0
BRDA:42,12,0,0
BRDA:42,12,1,0
BRDA:64,13,0,0
BRDA:64,13,1,0
BRDA:104,14,0,0
BRDA:104,14,1,0
BRDA:107,15,0,0
BRDA:107,15,1,0
BRF:38
BRH:0
end_of_record
TN:
SF:/Users/shawn/Files/Project/react-dashboard/src/components/mui/CustomizePage/ExpandableDataItemWrapper.tsx
FN:2,(anonymous_0)
FN:3,(anonymous_1)
FN:20,(anonymous_2)
FN:23,ExpandableDataItemWrapper
FN:24,(anonymous_4)
FN:27,(anonymous_5)
FNF:6
FNH:0
FNDA:0,(anonymous_0)
FNDA:0,(anonymous_1)
FNDA:0,(anonymous_2)
FNDA:0,ExpandableDataItemWrapper
FNDA:0,(anonymous_4)
FNDA:0,(anonymous_5)
DA:2,0
DA:3,0
DA:4,0
DA:5,0
DA:6,0
DA:7,0
DA:9,0
DA:11,0
DA:13,0
DA:14,0
DA:15,0
DA:16,0
DA:17,0
DA:18,0
DA:19,0
DA:20,0
DA:21,0
DA:24,0
DA:25,0
DA:28,0
DA:33,0
LF:21
LH:0
BRDA:2,0,0,0
BRDA:2,0,1,0
BRDA:2,0,2,0
BRDA:3,1,0,0
BRDA:3,1,1,0
BRDA:6,2,0,0
BRDA:6,2,1,0
BRF:7
BRH:0
end_of_record
TN:
SF:/Users/shawn/Files/Project/react-dashboard/src/components/mui/CustomizePage/MenuSelectDropDowns.tsx
FN:2,(anonymous_0)
FN:3,(anonymous_1)
FN:5,(anonymous_2)
FN:6,(anonymous_3)
FN:9,(anonymous_4)
FN:11,__
FN:33,(anonymous_6)
FN:35,(anonymous_7)
FN:72,(anonymous_8)
FN:74,MenuSelectDropDowns
FN:82,(anonymous_10)
FN:86,(anonymous_11)
FN:90,(anonymous_12)
FNF:13
FNH:0
FNDA:0,(anonymous_0)
FNDA:0,(anonymous_1)
FNDA:0,(anonymous_2)
FNDA:0,(anonymous_3)
FNDA:0,(anonymous_4)
FNDA:0,__
FNDA:0,(anonymous_6)
FNDA:0,(anonymous_7)
FNDA:0,(anonymous_8)
FNDA:0,MenuSelectDropDowns
FNDA:0,(anonymous_10)
FNDA:0,(anonymous_11)
FNDA:0,(anonymous_12)
DA:2,0
DA:3,0
DA:4,0
DA:5,0
DA:6,0
DA:7,0
DA:9,0
DA:10,0
DA:11,0
DA:12,0
DA:15,0
DA:16,0
DA:17,0
DA:18,0
DA:19,0
DA:20,0
DA:21,0
DA:33,0
DA:35,0
DA:72,0
DA:73,0
DA:75,0
DA:76,0
DA:79,0
DA:80,0
DA:82,0
DA:83,0
DA:86,0
DA:87,0
DA:90,0
DA:93,0
LF:31
LH:0
BRDA:2,0,0,0
BRDA:2,0,1,0
BRDA:2,0,2,0
BRDA:4,1,0,0
BRDA:4,1,1,0
BRDA:4,1,2,0
BRDA:4,1,3,0
BRDA:6,2,0,0
BRDA:6,2,1,0
BRDA:12,3,0,0
BRDA:12,3,1,0
BRDA:75,4,0,0
BRDA:75,4,1,0
BRDA:88,5,0,0
BRDA:88,5,1,0
BRF:15
BRH:0
end_of_record
TN:
SF:/Users/shawn/Files/Project/react-dashboard/src/components/mui/CustomizePage/index.tsx
FN:2,(anonymous_0)
FN:3,(anonymous_1)
FN:5,(anonymous_2)
FN:6,(anonymous_3)
FN:9,(anonymous_4)
FN:11,__
FN:22,(anonymous_6)
FN:24,ButtonsPage
FN:27,(anonymous_8)
FNF:9
FNH:0
FNDA:0,(anonymous_0)
FNDA:0,(anonymous_1)
FNDA:0,(anonymous_2)
FNDA:0,(anonymous_3)
FNDA:0,(anonymous_4)
FNDA:0,__
FNDA:0,(anonymous_6)
FNDA:0,ButtonsPage
FNDA:0,(anonymous_8)
DA:2,0
DA:3,0
DA:4,0
DA:5,0
DA:6,0
DA:7,0
DA:9,0
DA:10,0
DA:11,0
DA:12,0
DA:15,0
DA:16,0
DA:17,0
DA:18,0
DA:19,0
DA:20,0
DA:21,0
DA:22,0
DA:23,0
DA:25,0
DA:27,0
DA:28,0
DA:39,0
DA:41,0
LF:24
LH:0
BRDA:2,0,0,0
BRDA:2,0,1,0
BRDA:2,0,2,0
BRDA:4,1,0,0
BRDA:4,1,1,0
BRDA:4,1,2,0
BRDA:4,1,3,0
BRDA:6,2,0,0
BRDA:6,2,1,0
BRDA:12,3,0,0
BRDA:12,3,1,0
BRDA:25,4,0,0
BRDA:25,4,1,0
BRDA:25,4,2,0
BRF:14
BRH:0
end_of_record
TN:
SF:/Users/shawn/Files/Project/react-dashboard/src/components/mui/DenovoPage/DenovoColoredSequence.tsx
FN:2,(anonymous_0)
FN:3,(anonymous_1)
FN:5,(anonymous_2)
FN:6,(anonymous_3)
FN:9,(anonymous_4)
FN:11,__
FN:18,(anonymous_6)
FN:20,DenovoColoredSequence
FN:23,(anonymous_8)
FN:25,(anonymous_9)
FN:25,(anonymous_10)
FN:27,(anonymous_11)
FN:100,(anonymous_12)
FNF:13
FNH:0
FNDA:0,(anonymous_0)
FNDA:0,(anonymous_1)
FNDA:0,(anonymous_2)
FNDA:0,(anonymous_3)
FNDA:0,(anonymous_4)
FNDA:0,__
FNDA:0,(anonymous_6)
FNDA:0,DenovoColoredSequence
FNDA:0,(anonymous_8)
FNDA:0,(anonymous_9)
FNDA:0,(anonymous_10)
FNDA:0,(anonymous_11)
FNDA:0,(anonymous_12)
DA:2,0
DA:3,0
DA:4,0
DA:5,0
DA:6,0
DA:7,0
DA:9,0
DA:10,0
DA:11,0
DA:12,0
DA:15,0
DA:16,0
DA:17,0
DA:18,0
DA:19,0
DA:21,0
DA:23,0
DA:24,0
DA:25,0
DA:27,0
DA:28,0
DA:29,0
DA:30,0
DA:31,0
DA:32,0
DA:33,0
DA:34,0
DA:35,0
DA:36,0
DA:37,0
DA:39,0
DA:40,0
DA:42,0
DA:43,0
DA:44,0
DA:45,0
DA:46,0
DA:47,0
DA:48,0
DA:50,0
DA:51,0
DA:53,0
DA:54,0
DA:56,0
DA:61,0
DA:62,0
DA:63,0
DA:67,0
DA:68,0
DA:70,0
DA:71,0
DA:72,0
DA:76,0
DA:77,0
DA:79,0
DA:80,0
DA:81,0
DA:85,0
DA:86,0
DA:89,0
DA:90,0
DA:94,0
DA:95,0
DA:98,0
DA:100,0
DA:101,0
DA:102,0
DA:103,0
DA:104,0
DA:105,0
DA:107,0
DA:109,0
DA:111,0
LF:73
LH:0
BRDA:2,0,0,0
BRDA:2,0,1,0
BRDA:2,0,2,0
BRDA:4,1,0,0
BRDA:4,1,1,0
BRDA:4,1,2,0
BRDA:4,1,3,0
BRDA:6,2,0,0
BRDA:6,2,1,0
BRDA:12,3,0,0
BRDA:12,3,1,0
BRDA:21,4,0,0
BRDA:21,4,1,0
BRDA:21,4,2,0
BRDA:33,5,0,0
BRDA:33,5,1,0
BRDA:35,6,0,0
BRDA:35,6,1,0
BRDA:35,7,0,0
BRDA:35,7,1,0
BRDA:39,8,0,0
BRDA:39,8,1,0
BRDA:44,9,0,0
BRDA:44,9,1,0
BRDA:46,10,0,0
BRDA:46,10,1,0
BRDA:46,11,0,0
BRDA:46,11,1,0
BRDA:50,12,0,0
BRDA:50,12,1,0
BRDA:61,13,0,0
BRDA:61,13,1,0
BRDA:70,14,0,0
BRDA:70,14,1,0
BRDA:79,15,0,0
BRDA:79,15,1,0
BRDA:103,16,0,0
BRDA:103,16,1,0
BRF:38
BRH:0
end_of_record
TN:
SF:/Users/shawn/Files/Project/react-dashboard/src/components/mui/DenovoPage/PTMCell.tsx
FN:2,(anonymous_0)
FN:3,(anonymous_1)
FN:5,(anonymous_2)
FN:6,(anonymous_3)
FN:9,(anonymous_4)
FN:11,__
FN:20,(anonymous_6)
FN:22,PTMCell
FN:25,(anonymous_8)
FN:27,(anonymous_9)
FNF:10
FNH:0
FNDA:0,(anonymous_0)
FNDA:0,(anonymous_1)
FNDA:0,(anonymous_2)
FNDA:0,(anonymous_3)
FNDA:0,(anonymous_4)
FNDA:0,__
FNDA:0,(anonymous_6)
FNDA:0,PTMCell
FNDA:0,(anonymous_8)
FNDA:0,(anonymous_9)
DA:2,0
DA:3,0
DA:4,0
DA:5,0
DA:6,0
DA:7,0
DA:9,0
DA:10,0
DA:11,0
DA:12,0
DA:15,0
DA:16,0
DA:17,0
DA:18,0
DA:19,0
DA:20,0
DA:21,0
DA:23,0
DA:25,0
DA:26,0
DA:27,0
DA:28,0
DA:29,0
DA:31,0
DA:35,0
DA:37,0
LF:26
LH:0
BRDA:2,0,0,0
BRDA:2,0,1,0
BRDA:2,0,2,0
BRDA:4,1,0,0
BRDA:4,1,1,0
BRDA:4,1,2,0
BRDA:4,1,3,0
BRDA:6,2,0,0
BRDA:6,2,1,0
BRDA:12,3,0,0
BRDA:12,3,1,0
BRDA:23,4,0,0
BRDA:23,4,1,0
BRDA:23,4,2,0
BRDA:26,5,0,0
BRDA:26,5,1,0
BRDA:27,6,0,0
BRDA:27,6,1,0
BRDA:29,7,0,0
BRDA:29,7,1,0
BRDA:32,8,0,0
BRDA:32,8,1,0
BRF:22
BRH:0
end_of_record
TN:
SF:/Users/shawn/Files/Project/react-dashboard/src/components/mui/DenovoPage/VirtualizedTable.tsx
FN:2,(anonymous_0)
FN:3,(anonymous_1)
FN:5,(anonymous_2)
FN:6,(anonymous_3)
FN:9,(anonymous_4)
FN:11,__
FN:15,(anonymous_6)
FN:16,(anonymous_7)
FN:26,(anonymous_8)
FN:42,(anonymous_9)
FN:63,(anonymous_10)
FN:65,VirtualizedTable
FN:69,(anonymous_12)
FN:75,(anonymous_13)
FN:102,(anonymous_14)
FN:103,(anonymous_15)
FN:115,(anonymous_16)
FN:144,(anonymous_17)
FN:148,(anonymous_18)
FN:154,(anonymous_19)
FN:157,(anonymous_20)
FN:160,(anonymous_21)
FN:162,(anonymous_22)
FN:169,(anonymous_23)
FN:171,(anonymous_24)
FN:172,(anonymous_25)
FN:177,(anonymous_26)
FN:189,(anonymous_27)
FN:192,(anonymous_28)
FN:197,(anonymous_29)
FN:202,(anonymous_30)
FN:205,(anonymous_31)
FN:210,(anonymous_32)
FN:215,(anonymous_33)
FN:219,(anonymous_34)
FN:225,(anonymous_35)
FN:258,(anonymous_36)
FN:262,(anonymous_37)
FN:264,(anonymous_38)
FN:274,(anonymous_39)
FN:276,(anonymous_40)
FN:280,(anonymous_41)
FN:283,(anonymous_42)
FN:293,(anonymous_43)
FN:294,(anonymous_44)
FN:297,getItemStyle
FNF:46
FNH:0
FNDA:0,(anonymous_0)
FNDA:0,(anonymous_1)
FNDA:0,(anonymous_2)
FNDA:0,(anonymous_3)
FNDA:0,(anonymous_4)
FNDA:0,__
FNDA:0,(anonymous_6)
FNDA:0,(anonymous_7)
FNDA:0,(anonymous_8)
FNDA:0,(anonymous_9)
FNDA:0,(anonymous_10)
FNDA:0,VirtualizedTable
FNDA:0,(anonymous_12)
FNDA:0,(anonymous_13)
FNDA:0,(anonymous_14)
FNDA:0,(anonymous_15)
FNDA:0,(anonymous_16)
FNDA:0,(anonymous_17)
FNDA:0,(anonymous_18)
FNDA:0,(anonymous_19)
FNDA:0,(anonymous_20)
FNDA:0,(anonymous_21)
FNDA:0,(anonymous_22)
FNDA:0,(anonymous_23)
FNDA:0,(anonymous_24)
FNDA:0,(anonymous_25)
FNDA:0,(anonymous_26)
FNDA:0,(anonymous_27)
FNDA:0,(anonymous_28)
FNDA:0,(anonymous_29)
FNDA:0,(anonymous_30)
FNDA:0,(anonymous_31)
FNDA:0,(anonymous_32)
FNDA:0,(anonymous_33)
FNDA:0,(anonymous_34)
FNDA:0,(anonymous_35)
FNDA:0,(anonymous_36)
FNDA:0,(anonymous_37)
FNDA:0,(anonymous_38)
FNDA:0,(anonymous_39)
FNDA:0,(anonymous_40)
FNDA:0,(anonymous_41)
FNDA:0,(anonymous_42)
FNDA:0,(anonymous_43)
FNDA:0,(anonymous_44)
FNDA:0,getItemStyle
DA:2,0
DA:3,0
DA:4,0
DA:5,0
DA:6,0
DA:7,0
DA:9,0
DA:10,0
DA:11,0
DA:12,0
DA:15,0
DA:16,0
DA:17,0
DA:18,0
DA:19,0
DA:20,0
DA:22,0
DA:24,0
DA:26,0
DA:27,0
DA:28,0
DA:29,0
DA:30,0
DA:31,0
DA:33,0
DA:35,0
DA:36,0
DA:38,0
DA:40,0
DA:42,0
DA:43,0
DA:44,0
DA:46,0
DA:47,0
DA:48,0
DA:49,0
DA:50,0
DA:51,0
DA:52,0
DA:53,0
DA:54,0
DA:55,0
DA:56,0
DA:57,0
DA:58,0
DA:59,0
DA:60,0
DA:61,0
DA:62,0
DA:63,0
DA:64,0
DA:66,0
DA:67,0
DA:68,0
DA:69,0
DA:75,0
DA:76,0
DA:77,0
DA:78,0
DA:79,0
DA:80,0
DA:81,0
DA:83,0
DA:84,0
DA:85,0
DA:86,0
DA:87,0
DA:88,0
DA:89,0
DA:90,0
DA:91,0
DA:92,0
DA:93,0
DA:94,0
DA:95,0
DA:96,0
DA:97,0
DA:98,0
DA:99,0
DA:100,0
DA:101,0
DA:102,0
DA:103,0
DA:104,0
DA:105,0
DA:106,0
DA:108,0
DA:113,0
DA:115,0
DA:116,0
DA:117,0
DA:118,0
DA:119,0
DA:120,0
DA:121,0
DA:122,0
DA:123,0
DA:124,0
DA:125,0
DA:127,0
DA:128,0
DA:129,0
DA:132,0
DA:133,0
DA:145,0
DA:146,0
DA:147,0
DA:148,0
DA:154,0
DA:155,0
DA:157,0
DA:158,0
DA:160,0
DA:161,0
DA:162,0
DA:163,0
DA:169,0
DA:170,0
DA:171,0
DA:172,0
DA:177,0
DA:178,0
DA:180,0
DA:182,0
DA:184,0
DA:186,0
DA:189,0
DA:190,0
DA:192,0
DA:193,0
DA:194,0
DA:195,0
DA:197,0
DA:198,0
DA:199,0
DA:202,0
DA:203,0
DA:205,0
DA:206,0
DA:207,0
DA:210,0
DA:211,0
DA:212,0
DA:215,0
DA:216,0
DA:217,0
DA:219,0
DA:220,0
DA:221,0
DA:222,0
DA:225,0
DA:226,0
DA:227,0
DA:228,0
DA:229,0
DA:230,0
DA:231,0
DA:232,0
DA:233,0
DA:234,0
DA:235,0
DA:236,0
DA:238,0
DA:239,0
DA:241,0
DA:242,0
DA:244,0
DA:245,0
DA:246,0
DA:247,0
DA:248,0
DA:249,0
DA:250,0
DA:252,0
DA:253,0
DA:255,0
DA:256,0
DA:258,0
DA:259,0
DA:262,0
DA:263,0
DA:264,0
DA:266,0
DA:267,0
DA:268,0
DA:269,0
DA:274,0
DA:275,0
DA:276,0
DA:277,0
DA:280,0
DA:281,0
DA:283,0
DA:284,0
DA:285,0
DA:286,0
DA:288,0
DA:289,0
DA:293,0
DA:294,0
DA:298,0
DA:301,0
DA:303,0
LF:203
LH:0
BRDA:2,0,0,0
BRDA:2,0,1,0
BRDA:2,0,2,0
BRDA:4,1,0,0
BRDA:4,1,1,0
BRDA:4,1,2,0
BRDA:4,1,3,0
BRDA:6,2,0,0
BRDA:6,2,1,0
BRDA:12,3,0,0
BRDA:12,3,1,0
BRDA:15,4,0,0
BRDA:15,4,1,0
BRDA:15,4,2,0
BRDA:16,5,0,0
BRDA:16,5,1,0
BRDA:19,6,0,0
BRDA:19,6,1,0
BRDA:26,7,0,0
BRDA:26,7,1,0
BRDA:26,7,2,0
BRDA:27,8,0,0
BRDA:27,8,1,0
BRDA:28,9,0,0
BRDA:28,9,1,0
BRDA:31,10,0,0
BRDA:31,10,1,0
BRDA:31,10,2,0
BRDA:36,11,0,0
BRDA:36,11,1,0
BRDA:36,12,0,0
BRDA:36,12,1,0
BRDA:36,12,2,0
BRDA:38,13,0,0
BRDA:38,13,1,0
BRDA:42,14,0,0
BRDA:42,14,1,0
BRDA:42,14,2,0
BRDA:66,15,0,0
BRDA:66,15,1,0
BRDA:70,16,0,0
BRDA:70,16,1,0
BRDA:117,17,0,0
BRDA:117,17,1,0
BRDA:127,18,0,0
BRDA:127,18,1,0
BRDA:132,19,0,0
BRDA:132,19,1,0
BRDA:138,20,0,0
BRDA:138,20,1,0
BRDA:144,21,0,0
BRDA:144,21,1,0
BRDA:148,22,0,0
BRDA:148,22,1,0
BRDA:149,23,0,0
BRDA:149,23,1,0
BRDA:149,24,0,0
BRDA:149,24,1,0
BRDA:178,25,0,0
BRDA:178,25,1,0
BRDA:178,25,2,0
BRDA:178,25,3,0
BRDA:193,26,0,0
BRDA:193,26,1,0
BRDA:194,27,0,0
BRDA:194,27,1,0
BRDA:195,28,0,0
BRDA:195,28,1,0
BRDA:198,29,0,0
BRDA:198,29,1,0
BRDA:206,30,0,0
BRDA:206,30,1,0
BRDA:211,31,0,0
BRDA:211,31,1,0
BRDA:220,32,0,0
BRDA:220,32,1,0
BRDA:234,33,0,0
BRDA:234,33,1,0
BRDA:241,34,0,0
BRDA:241,34,1,0
BRDA:241,35,0,0
BRDA:241,35,1,0
BRDA:248,36,0,0
BRDA:248,36,1,0
BRDA:255,37,0,0
BRDA:255,37,1,0
BRDA:255,38,0,0
BRDA:255,38,1,0
BRDA:285,39,0,0
BRDA:285,39,1,0
BRDA:298,40,0,0
BRDA:298,40,1,0
BRF:92
BRH:0
end_of_record
TN:
SF:/Users/shawn/Files/Project/react-dashboard/src/components/mui/DenovoPage/index.tsx
FN:2,(anonymous_0)
FN:3,(anonymous_1)
FN:5,(anonymous_2)
FN:6,(anonymous_3)
FN:9,(anonymous_4)
FN:11,__
FN:15,(anonymous_6)
FN:16,(anonymous_7)
FN:26,(anonymous_8)
FN:39,(anonymous_9)
FN:41,DenovoPage
FN:51,(anonymous_11)
FN:62,(anonymous_12)
FN:70,(anonymous_13)
FN:71,(anonymous_14)
FN:78,(anonymous_15)
FN:79,(anonymous_16)
FN:87,(anonymous_17)
FN:88,(anonymous_18)
FN:96,(anonymous_19)
FN:97,(anonymous_20)
FN:105,(anonymous_21)
FN:106,(anonymous_22)
FN:114,(anonymous_23)
FN:115,(anonymous_24)
FN:123,(anonymous_25)
FN:124,(anonymous_26)
FN:130,(anonymous_27)
FN:131,(anonymous_28)
FN:137,(anonymous_29)
FN:145,(anonymous_30)
FN:160,(anonymous_31)
FN:164,(anonymous_32)
FNF:33
FNH:0
FNDA:0,(anonymous_0)
FNDA:0,(anonymous_1)
FNDA:0,(anonymous_2)
FNDA:0,(anonymous_3)
FNDA:0,(anonymous_4)
FNDA:0,__
FNDA:0,(anonymous_6)
FNDA:0,(anonymous_7)
FNDA:0,(anonymous_8)
FNDA:0,(anonymous_9)
FNDA:0,DenovoPage
FNDA:0,(anonymous_11)
FNDA:0,(anonymous_12)
FNDA:0,(anonymous_13)
FNDA:0,(anonymous_14)
FNDA:0,(anonymous_15)
FNDA:0,(anonymous_16)
FNDA:0,(anonymous_17)
FNDA:0,(anonymous_18)
FNDA:0,(anonymous_19)
FNDA:0,(anonymous_20)
FNDA:0,(anonymous_21)
FNDA:0,(anonymous_22)
FNDA:0,(anonymous_23)
FNDA:0,(anonymous_24)
FNDA:0,(anonymous_25)
FNDA:0,(anonymous_26)
FNDA:0,(anonymous_27)
FNDA:0,(anonymous_28)
FNDA:0,(anonymous_29)
FNDA:0,(anonymous_30)
FNDA:0,(anonymous_31)
FNDA:0,(anonymous_32)
DA:2,0
DA:3,0
DA:4,0
DA:5,0
DA:6,0
DA:7,0
DA:9,0
DA:10,0
DA:11,0
DA:12,0
DA:15,0
DA:16,0
DA:17,0
DA:18,0
DA:19,0
DA:20,0
DA:22,0
DA:24,0
DA:26,0
DA:27,0
DA:28,0
DA:29,0
DA:30,0
DA:32,0
DA:33,0
DA:34,0
DA:35,0
DA:36,0
DA:37,0
DA:38,0
DA:39,0
DA:40,0
DA:42,0
DA:43,0
DA:47,0
DA:48,0
DA:49,0
DA:51,0
DA:52,0
DA:53,0
DA:57,0
DA:62,0
DA:63,0
DA:64,0
DA:65,0
DA:67,0
DA:70,0
DA:71,0
DA:78,0
DA:79,0
DA:87,0
DA:88,0
DA:96,0
DA:97,0
DA:105,0
DA:106,0
DA:114,0
DA:115,0
DA:123,0
DA:124,0
DA:130,0
DA:131,0
DA:134,0
DA:137,0
DA:138,0
DA:139,0
DA:142,0
DA:145,0
DA:146,0
DA:147,0
DA:148,0
DA:152,0
DA:155,0
DA:160,0
DA:161,0
DA:163,0
DA:165,0
DA:166,0
DA:171,0
DA:173,0
LF:80
LH:0
BRDA:2,0,0,0
BRDA:2,0,1,0
BRDA:2,0,2,0
BRDA:4,1,0,0
BRDA:4,1,1,0
BRDA:4,1,2,0
BRDA:4,1,3,0
BRDA:6,2,0,0
BRDA:6,2,1,0
BRDA:12,3,0,0
BRDA:12,3,1,0
BRDA:15,4,0,0
BRDA:15,4,1,0
BRDA:15,4,2,0
BRDA:16,5,0,0
BRDA:16,5,1,0
BRDA:19,6,0,0
BRDA:19,6,1,0
BRDA:26,7,0,0
BRDA:26,7,1,0
BRDA:26,7,2,0
BRDA:27,8,0,0
BRDA:27,8,1,0
BRDA:27,9,0,0
BRDA:27,9,1,0
BRDA:28,10,0,0
BRDA:28,10,1,0
BRDA:28,11,0,0
BRDA:28,11,1,0
BRDA:29,12,0,0
BRDA:29,12,1,0
BRDA:29,13,0,0
BRDA:29,13,1,0
BRDA:29,14,0,0
BRDA:29,14,1,0
BRDA:29,15,0,0
BRDA:29,15,1,0
BRDA:30,16,0,0
BRDA:30,16,1,0
BRDA:30,16,2,0
BRDA:42,17,0,0
BRDA:42,17,1,0
BRDA:64,18,0,0
BRDA:64,18,1,0
BRDA:138,19,0,0
BRDA:138,19,1,0
BRDA:138,20,0,0
BRDA:138,20,1,0
BRDA:146,21,0,0
BRDA:146,21,1,0
BRDA:147,22,0,0
BRDA:147,22,1,0
BRF:52
BRH:0
end_of_record
TN:
SF:/Users/shawn/Files/Project/react-dashboard/src/components/mui/FileBrowserPage/AddData.tsx
FN:7,AddData
FN:13,onChange
FNF:2
FNH:0
FNDA:0,AddData
FNDA:0,onChange
DA:2,0
DA:3,0
DA:4,0
DA:5,0
DA:6,0
DA:8,0
DA:14,0
DA:17,0
LF:8
LH:0
BRF:0
BRH:0
end_of_record
TN:
SF:/Users/shawn/Files/Project/react-dashboard/src/components/mui/FileBrowserPage/DataItem.tsx
FN:2,(anonymous_0)
FN:3,(anonymous_1)
FN:5,(anonymous_2)
FN:6,(anonymous_3)
FN:9,(anonymous_4)
FN:11,__
FN:37,(anonymous_6)
FN:42,(anonymous_7)
FN:44,DataItem
FN:49,(anonymous_9)
FN:61,(anonymous_10)
FNF:11
FNH:0
FNDA:0,(anonymous_0)
FNDA:0,(anonymous_1)
FNDA:0,(anonymous_2)
FNDA:0,(anonymous_3)
FNDA:0,(anonymous_4)
FNDA:0,__
FNDA:0,(anonymous_6)
FNDA:0,(anonymous_7)
FNDA:0,DataItem
FNDA:0,(anonymous_9)
FNDA:0,(anonymous_10)
DA:2,0
DA:3,0
DA:4,0
DA:5,0
DA:6,0
DA:7,0
DA:9,0
DA:10,0
DA:11,0
DA:12,0
DA:15,0
DA:16,0
DA:17,0
DA:18,0
DA:19,0
DA:20,0
DA:21,0
DA:22,0
DA:23,0
DA:24,0
DA:25,0
DA:26,0
DA:27,0
DA:28,0
DA:29,0
DA:30,0
DA:31,0
DA:37,0
DA:38,0
DA:39,0
DA:41,0
DA:42,0
DA:43,0
DA:45,0
DA:46,0
DA:47,0
DA:49,0
DA:50,0
DA:61,0
DA:62,0
DA:64,0
LF:41
LH:0
BRDA:2,0,0,0
BRDA:2,0,1,0
BRDA:2,0,2,0
BRDA:4,1,0,0
BRDA:4,1,1,0
BRDA:4,1,2,0
BRDA:4,1,3,0
BRDA:6,2,0,0
BRDA:6,2,1,0
BRDA:12,3,0,0
BRDA:12,3,1,0
BRDA:40,4,0,0
BRDA:40,4,1,0
BRDA:45,5,0,0
BRDA:45,5,1,0
BRDA:50,6,0,0
BRDA:50,6,1,0
BRDA:50,7,0,0
BRDA:50,7,1,0
BRDA:50,8,0,0
BRDA:50,8,1,0
BRDA:51,9,0,0
BRDA:51,9,1,0
BRDA:51,10,0,0
BRDA:51,10,1,0
BRDA:52,11,0,0
BRDA:52,11,1,0
BRDA:56,12,0,0
BRDA:56,12,1,0
BRDA:56,13,0,0
BRDA:56,13,1,0
BRF:31
BRH:0
end_of_record
TN:
SF:/Users/shawn/Files/Project/react-dashboard/src/components/mui/FileBrowserPage/DataList.tsx
FN:10,DataList
FN:14,(anonymous_1)
FNF:2
FNH:0
FNDA:0,DataList
FNDA:0,(anonymous_1)
DA:2,0
DA:3,0
DA:4,0
DA:5,0
DA:6,0
DA:7,0
DA:8,0
DA:9,0
DA:11,0
DA:15,0
DA:18,0
LF:11
LH:0
BRDA:13,0,0,0
BRDA:13,0,1,0
BRDA:13,1,0,0
BRDA:13,1,1,0
BRDA:15,2,0,0
BRDA:15,2,1,0
BRF:6
BRH:0
end_of_record
TN:
SF:/Users/shawn/Files/Project/react-dashboard/src/components/mui/FileBrowserPage/DataNav.tsx
FN:7,DataNav
FN:11,(anonymous_1)
FN:15,onClick
FN:16,(anonymous_3)
FNF:4
FNH:0
FNDA:0,DataNav
FNDA:0,(anonymous_1)
FNDA:0,onClick
FNDA:0,(anonymous_3)
DA:2,0
DA:3,0
DA:4,0
DA:5,0
DA:6,0
DA:8,0
DA:9,0
DA:12,0
DA:16,0
DA:17,0
DA:21,0
LF:11
LH:0
BRDA:10,0,0,0
BRDA:10,0,1,0
BRF:2
BRH:0
end_of_record
TN:
SF:/Users/shawn/Files/Project/react-dashboard/src/components/mui/FileBrowserPage/FileBrowserWrapper.tsx
FN:2,(anonymous_0)
FN:3,(anonymous_1)
FN:5,(anonymous_2)
FN:6,(anonymous_3)
FN:9,(anonymous_4)
FN:11,__
FN:15,(anonymous_6)
FN:16,(anonymous_7)
FN:26,(anonymous_8)
FN:30,(anonymous_9)
FN:53,(anonymous_10)
FN:55,FileBrowserPage
FN:77,(anonymous_12)
FN:78,(anonymous_13)
FN:80,(anonymous_14)
FN:82,(anonymous_15)
FN:85,(anonymous_16)
FN:86,(anonymous_17)
FN:93,(anonymous_18)
FN:104,(anonymous_19)
FN:112,(anonymous_20)
FN:114,(anonymous_21)
FN:116,(anonymous_22)
FN:124,(anonymous_23)
FN:131,(anonymous_24)
FN:132,(anonymous_25)
FN:142,(anonymous_26)
FN:169,(anonymous_27)
FN:172,(anonymous_28)
FN:191,(anonymous_29)
FN:192,(anonymous_30)
FN:200,(anonymous_31)
FNF:32
FNH:0
FNDA:0,(anonymous_0)
FNDA:0,(anonymous_1)
FNDA:0,(anonymous_2)
FNDA:0,(anonymous_3)
FNDA:0,(anonymous_4)
FNDA:0,__
FNDA:0,(anonymous_6)
FNDA:0,(anonymous_7)
FNDA:0,(anonymous_8)
FNDA:0,(anonymous_9)
FNDA:0,(anonymous_10)
FNDA:0,FileBrowserPage
FNDA:0,(anonymous_12)
FNDA:0,(anonymous_13)
FNDA:0,(anonymous_14)
FNDA:0,(anonymous_15)
FNDA:0,(anonymous_16)
FNDA:0,(anonymous_17)
FNDA:0,(anonymous_18)
FNDA:0,(anonymous_19)
FNDA:0,(anonymous_20)
FNDA:0,(anonymous_21)
FNDA:0,(anonymous_22)
FNDA:0,(anonymous_23)
FNDA:0,(anonymous_24)
FNDA:0,(anonymous_25)
FNDA:0,(anonymous_26)
FNDA:0,(anonymous_27)
FNDA:0,(anonymous_28)
FNDA:0,(anonymous_29)
FNDA:0,(anonymous_30)
FNDA:0,(anonymous_31)
DA:2,0
DA:3,0
DA:4,0
DA:5,0
DA:6,0
DA:7,0
DA:9,0
DA:10,0
DA:11,0
DA:12,0
DA:15,0
DA:16,0
DA:17,0
DA:18,0
DA:19,0
DA:20,0
DA:22,0
DA:24,0
DA:26,0
DA:27,0
DA:28,0
DA:29,0
DA:31,0
DA:32,0
DA:36,0
DA:37,0
DA:38,0
DA:39,0
DA:40,0
DA:41,0
DA:42,0
[...]
DA:138,0
DA:140,0
DA:142,0
DA:144,0
DA:146,0
LF:86
LH:0
BRDA:2,0,0,0
BRDA:2,0,1,0
BRDA:2,0,2,0
BRDA:3,1,0,0
BRDA:3,1,1,0
BRDA:4,2,0,0
BRDA:4,2,1,0
BRDA:7,3,0,0
BRDA:7,3,1,0
BRDA:7,4,0,0
BRDA:7,4,1,0
BRDA:8,5,0,0
BRDA:8,5,1,0
BRDA:22,6,0,0
BRDA:22,6,1,0
BRDA:24,7,0,0
BRDA:24,7,1,0
BRDA:26,8,0,0
BRDA:26,8,1,0
BRDA:26,9,0,0
BRDA:26,9,1,0
BRDA:30,10,0,0
BRDA:30,10,1,0
BRDA:39,11,0,0
BRDA:39,11,1,0
BRDA:39,12,0,0
BRDA:39,12,1,0
BRDA:39,12,2,0
BRDA:41,13,0,0
BRDA:41,13,1,0
BRDA:51,14,0,0
BRDA:51,14,1,0
BRDA:51,15,0,0
BRDA:51,15,1,0
BRDA:51,15,2,0
BRDA:53,16,0,0
BRDA:53,16,1,0
BRDA:66,17,0,0
BRDA:66,17,1,0
BRDA:68,18,0,0
BRDA:68,18,1,0
BRDA:70,19,0,0
BRDA:70,19,1,0
BRDA:70,20,0,0
BRDA:70,20,1,0
BRDA:74,21,0,0
BRDA:74,21,1,0
BRDA:84,22,0,0
BRDA:84,22,1,0
BRDA:84,23,0,0
BRDA:84,23,1,0
BRDA:84,23,2,0
BRDA:86,24,0,0
BRDA:86,24,1,0
BRDA:96,25,0,0
BRDA:96,25,1,0
BRDA:96,26,0,0
BRDA:96,26,1,0
BRDA:96,26,2,0
BRDA:98,27,0,0
BRDA:98,27,1,0
BRDA:120,28,0,0
BRDA:120,28,1,0
BRDA:120,29,0,0
BRDA:120,29,1,0
BRDA:120,29,2,0
BRDA:122,30,0,0
BRDA:122,30,1,0
BRDA:129,31,0,0
BRDA:129,31,1,0
BRDA:129,32,0,0
BRDA:129,32,1,0
BRDA:129,32,2,0
BRDA:131,33,0,0
BRDA:131,33,1,0
BRDA:138,34,0,0
BRDA:138,34,1,0
BRDA:138,35,0,0
BRDA:138,35,1,0
BRDA:138,35,2,0
BRDA:140,36,0,0
BRDA:140,36,1,0
BRDA:145,37,0,0
BRDA:145,37,1,0
BRF:84
BRH:0
end_of_record
TN:
SF:/Users/shawn/Files/Project/react-dashboard/src/utilities/request.ts
FN:2,(anonymous_0)
FN:3,(anonymous_1)
FN:13,(anonymous_2)
FN:14,(anonymous_3)
FN:15,fulfilled
FN:16,rejected
FN:17,step
FN:17,(anonymous_7)
FN:21,(anonymous_8)
FN:22,(anonymous_9)
FN:23,(anonymous_10)
FN:24,verb
FN:24,(anonymous_12)
FN:25,step
FN:48,(anonymous_14)
FN:52,(anonymous_15)
FN:62,(anonymous_16)
FN:70,(anonymous_17)
FN:75,fetch
FN:76,(anonymous_19)
FN:77,(anonymous_20)
FN:83,agentFetch
FN:84,(anonymous_22)
FN:87,(anonymous_23)
FN:130,(anonymous_24)
FN:135,(anonymous_25)
FN:136,(anonymous_26)
FN:167,(anonymous_27)
FN:168,(anonymous_28)
FN:187,handleGet
FN:188,(anonymous_30)
FN:189,(anonymous_31)
FN:190,(anonymous_32)
FN:196,(anonymous_33)
FNF:34
FNH:0
FNDA:0,(anonymous_0)
FNDA:0,(anonymous_1)
FNDA:0,(anonymous_2)
FNDA:0,(anonymous_3)
FNDA:0,fulfilled
FNDA:0,rejected
FNDA:0,step
FNDA:0,(anonymous_7)
FNDA:0,(anonymous_8)
FNDA:0,(anonymous_9)
FNDA:0,(anonymous_10)
FNDA:0,verb
FNDA:0,(anonymous_12)
FNDA:0,step
FNDA:0,(anonymous_14)
FNDA:0,(anonymous_15)
FNDA:0,(anonymous_16)
FNDA:0,(anonymous_17)
FNDA:0,fetch
FNDA:0,(anonymous_19)
FNDA:0,(anonymous_20)
FNDA:0,agentFetch
FNDA:0,(anonymous_22)
FNDA:0,(anonymous_23)
FNDA:0,(anonymous_24)
FNDA:0,(anonymous_25)
FNDA:0,(anonymous_26)
FNDA:0,(anonymous_27)
FNDA:0,(anonymous_28)
FNDA:0,handleGet
FNDA:0,(anonymous_30)
FNDA:0,(anonymous_31)
FNDA:0,(anonymous_32)
FNDA:0,(anonymous_33)
DA:2,0
DA:3,0
DA:4,0
DA:5,0
DA:6,0
DA:7,0
DA:9,0
DA:11,0
DA:13,0
DA:14,0
DA:15,0
DA:16,0
DA:17,0
DA:18,0
DA:21,0
DA:22,0
DA:23,0
DA:24,0
DA:26,0
DA:27,0
DA:28,0
DA:29,0
DA:30,0
DA:31,0
DA:32,0
DA:33,0
DA:34,0
DA:36,0
DA:37,0
DA:38,0
DA:39,0
DA:40,0
DA:41,0
DA:43,0
DA:44,0
DA:45,0
DA:48,0
DA:49,0
DA:50,0
DA:51,0
DA:53,0
DA:54,0
DA:58,0
DA:59,0
DA:60,0
DA:62,0
DA:63,0
DA:64,0
DA:65,0
DA:66,0
DA:68,0
DA:70,0
DA:71,0
DA:72,0
DA:74,0
DA:76,0
DA:77,0
DA:78,0
DA:82,0
DA:84,0
DA:87,0
DA:88,0
DA:89,0
DA:90,0
DA:91,0
DA:92,0
DA:95,0
DA:96,0
DA:98,0
DA:99,0
DA:102,0
DA:104,0
DA:105,0
DA:106,0
DA:107,0
DA:108,0
DA:109,0
DA:111,0
DA:112,0
DA:113,0
DA:116,0
DA:117,0
DA:118,0
DA:119,0
DA:122,0
DA:124,0
DA:125,0
DA:127,0
DA:129,0
DA:130,0
DA:131,0
DA:135,0
DA:136,0
DA:137,0
DA:138,0
DA:139,0
DA:141,0
DA:142,0
DA:143,0
DA:145,0
DA:147,0
DA:148,0
DA:149,0
DA:150,0
DA:152,0
DA:155,0
DA:156,0
DA:158,0
DA:159,0
DA:160,0
DA:162,0
DA:167,0
DA:168,0
DA:169,0
DA:170,0
DA:172,0
DA:173,0
DA:176,0
DA:181,0
DA:183,0
DA:188,0
DA:189,0
DA:190,0
DA:191,0
DA:192,0
DA:193,0
DA:194,0
DA:196,0
DA:197,0
DA:198,0
DA:199,0
DA:200,0
DA:202,0
DA:203,0
DA:205,0
DA:207,0
DA:208,0
DA:210,0
DA:211,0
DA:214,0
LF:140
LH:0
BRDA:2,0,0,0
BRDA:2,0,1,0
BRDA:2,0,2,0
BRDA:3,1,0,0
BRDA:3,1,1,0
BRDA:6,2,0,0
BRDA:6,2,1,0
BRDA:13,3,0,0
BRDA:13,3,1,0
BRDA:13,3,2,0
BRDA:14,4,0,0
BRDA:14,4,1,0
BRDA:17,5,0,0
BRDA:17,5,1,0
BRDA:18,6,0,0
BRDA:18,6,1,0
BRDA:21,7,0,0
BRDA:21,7,1,0
BRDA:21,7,2,0
BRDA:22,8,0,0
BRDA:22,8,1,0
BRDA:23,9,0,0
BRDA:23,9,1,0
BRDA:26,10,0,0
BRDA:26,10,1,0
BRDA:28,11,0,0
BRDA:28,11,1,0
BRDA:28,12,0,0
BRDA:28,12,1,0
BRDA:28,12,2,0
BRDA:28,13,0,0
BRDA:28,13,1,0
BRDA:28,14,0,0
BRDA:28,14,1,0
BRDA:28,15,0,0
BRDA:28,15,1,0
BRDA:28,16,0,0
BRDA:28,16,1,0
BRDA:29,17,0,0
BRDA:29,17,1,0
BRDA:30,18,0,0
BRDA:30,18,1,0
BRDA:30,18,2,0
BRDA:30,18,3,0
BRDA:30,18,4,0
BRDA:30,18,5,0
BRDA:36,19,0,0
BRDA:36,19,1,0
BRDA:36,20,0,0
BRDA:36,20,1,0
BRDA:36,20,2,0
BRDA:36,21,0,0
BRDA:36,21,1,0
BRDA:37,22,0,0
BRDA:37,22,1,0
BRDA:37,23,0,0
BRDA:37,23,1,0
BRDA:37,23,2,0
BRDA:37,23,3,0
BRDA:38,24,0,0
BRDA:38,24,1,0
BRDA:38,25,0,0
BRDA:38,25,1,0
BRDA:39,26,0,0
BRDA:39,26,1,0
BRDA:39,27,0,0
BRDA:39,27,1,0
BRDA:40,28,0,0
BRDA:40,28,1,0
BRDA:45,29,0,0
BRDA:45,29,1,0
BRDA:45,30,0,0
BRDA:45,30,1,0
BRDA:48,31,0,0
BRDA:48,31,1,0
BRDA:48,31,2,0
BRDA:49,32,0,0
BRDA:49,32,1,0
BRDA:50,33,0,0
BRDA:50,33,1,0
BRDA:53,34,0,0
BRDA:53,34,1,0
BRDA:53,35,0,0
BRDA:53,35,1,0
BRDA:54,36,0,0
BRDA:54,36,1,0
BRDA:67,37,0,0
BRDA:67,37,1,0
BRDA:73,38,0,0
BRDA:73,38,1,0
BRDA:89,39,0,0
BRDA:89,39,1,0
BRDA:90,40,0,0
BRDA:90,40,1,0
BRDA:91,41,0,0
BRDA:91,41,1,0
BRDA:92,42,0,0
BRDA:92,42,1,0
BRDA:92,42,2,0
BRDA:92,42,3,0
BRDA:95,43,0,0
BRDA:95,43,1,0
BRDA:98,44,0,0
BRDA:98,44,1,0
BRDA:105,45,0,0
BRDA:105,45,1,0
BRDA:111,46,0,0
BRDA:111,46,1,0
BRDA:125,47,0,0
BRDA:125,47,1,0
BRDA:125,48,0,0
BRDA:125,48,1,0
BRDA:125,48,2,0
BRDA:127,49,0,0
BRDA:127,49,1,0
BRDA:129,50,0,0
BRDA:129,50,1,0
BRDA:129,51,0,0
BRDA:129,51,1,0
BRDA:137,52,0,0
BRDA:137,52,1,0
BRDA:138,53,0,0
BRDA:138,53,1,0
BRDA:138,54,0,0
BRDA:138,54,1,0
BRDA:142,55,0,0
BRDA:142,55,1,0
BRDA:142,56,0,0
BRDA:142,56,1,0
BRDA:142,56,2,0
BRDA:147,57,0,0
BRDA:147,57,1,0
BRDA:149,58,0,0
BRDA:149,58,1,0
BRDA:149,59,0,0
BRDA:149,59,1,0
BRDA:155,60,0,0
BRDA:155,60,1,0
BRDA:155,61,0,0
BRDA:155,61,1,0
BRDA:158,62,0,0
BRDA:158,62,1,0
BRDA:169,63,0,0
BRDA:169,63,1,0
BRDA:172,64,0,0
BRDA:172,64,1,0
BRDA:192,65,0,0
BRDA:192,65,1,0
BRDA:197,66,0,0
BRDA:197,66,1,0
BRDA:199,67,0,0
BRDA:199,67,1,0
BRDA:199,68,0,0
BRDA:199,68,1,0
BRDA:199,68,2,0
BRDA:202,69,0,0
BRDA:202,69,1,0
BRDA:207,70,0,0
BRDA:207,70,1,0
BRDA:210,71,0,0
BRDA:210,71,1,0
BRF:161
BRH:0
end_of_record
TN:
SF:/Users/shawn/Files/Project/react-dashboard/src/utilities/ui-helper.ts
FN:3,isSame
FN:17,parseNumber
FN:37,parseNumbers
FN:39,(anonymous_3)
FN:44,renderOptions
FN:55,getOrDefault
FNF:6
FNH:2
FNDA:0,isSame
FNDA:0,parseNumber
FNDA:0,parseNumbers
FNDA:0,(anonymous_3)
FNDA:5,renderOptions
FNDA:4,getOrDefault
DA:2,1
DA:4,0
DA:5,0
DA:7,0
DA:8,0
DA:9,0
DA:10,0
DA:13,0
DA:16,1
DA:18,0
DA:19,0
DA:20,0
DA:22,0
DA:23,0
DA:24,0
DA:27,0
DA:28,0
DA:29,0
DA:32,0
DA:36,1
DA:38,0
DA:39,0
DA:40,0
DA:43,1
DA:45,5
DA:46,3
DA:48,2
DA:49,2
DA:50,4
DA:52,2
DA:54,1
DA:56,4
DA:57,4
DA:58,2
DA:61,2
DA:64,1
LF:36
LH:16
BRDA:4,0,0,0
BRDA:4,0,1,0
BRDA:4,1,0,0
BRDA:4,1,1,0
BRDA:7,2,0,0
BRDA:7,2,1,0
BRDA:7,3,0,0
BRDA:7,3,1,0
BRDA:18,4,0,0
BRDA:18,4,1,0
BRDA:19,5,0,0
BRDA:19,5,1,0
BRDA:23,6,0,0
BRDA:23,6,1,0
BRDA:28,7,0,0
BRDA:28,7,1,0
BRDA:38,8,0,0
BRDA:38,8,1,0
BRDA:45,9,0,3
BRDA:45,9,1,2
BRDA:45,10,0,5
BRDA:45,10,1,3
BRDA:56,11,0,2
BRDA:56,11,1,2
BRDA:57,12,0,2
BRDA:57,12,1,2
BRF:26
BRH:8
end_of_record
TN:
SF:/Users/shawn/Files/Project/react-dashboard/src/utilities/db/InformationDatabase.ts
FN:2,(anonymous_0)
FN:3,(anonymous_1)
FN:5,(anonymous_2)
FN:6,(anonymous_3)
FN:9,(anonymous_4)
FN:11,__
FN:15,(anonymous_6)
FN:16,(anonymous_7)
FN:26,(anonymous_8)
FN:27,(anonymous_9)
FN:28,fulfilled
FN:29,rejected
FN:30,step
FN:30,(anonymous_13)
FN:34,(anonymous_14)
FN:35,(anonymous_15)
FN:36,(anonymous_16)
FN:37,verb
FN:37,(anonymous_18)
FN:38,step
FN:64,(anonymous_20)
FN:66,InformationDatabase
FN:74,(anonymous_22)
FN:75,(anonymous_23)
FN:76,(anonymous_24)
FN:81,(anonymous_25)
FN:82,(anonymous_26)
FN:84,(anonymous_27)
FN:85,(anonymous_28)
FN:85,(anonymous_29)
FN:87,(anonymous_30)
FN:108,(anonymous_31)
FN:110,(anonymous_32)
FN:112,(anonymous_33)
FN:117,(anonymous_34)
FN:117,(anonymous_35)
FN:118,(anonymous_36)
FN:123,(anonymous_37)
FNF:38
FNH:0
FNDA:0,(anonymous_0)
FNDA:0,(anonymous_1)
FNDA:0,(anonymous_2)
FNDA:0,(anonymous_3)
FNDA:0,(anonymous_4)
FNDA:0,__
FNDA:0,(anonymous_6)
FNDA:0,(anonymous_7)
FNDA:0,(anonymous_8)
FNDA:0,(anonymous_9)
FNDA:0,fulfilled
FNDA:0,rejected
FNDA:0,step
FNDA:0,(anonymous_13)
FNDA:0,(anonymous_14)
FNDA:0,(anonymous_15)
FNDA:0,(anonymous_16)
FNDA:0,verb
FNDA:0,(anonymous_18)
FNDA:0,step
FNDA:0,(anonymous_20)
FNDA:0,InformationDatabase
FNDA:0,(anonymous_22)
FNDA:0,(anonymous_23)
FNDA:0,(anonymous_24)
FNDA:0,(anonymous_25)
FNDA:0,(anonymous_26)
FNDA:0,(anonymous_27)
FNDA:0,(anonymous_28)
FNDA:0,(anonymous_29)
FNDA:0,(anonymous_30)
FNDA:0,(anonymous_31)
FNDA:0,(anonymous_32)
FNDA:0,(anonymous_33)
FNDA:0,(anonymous_34)
FNDA:0,(anonymous_35)
FNDA:0,(anonymous_36)
FNDA:0,(anonymous_37)
DA:2,0
DA:3,0
DA:4,0
DA:5,0
DA:6,0
DA:7,0
DA:9,0
DA:10,0
DA:11,0
DA:12,0
DA:15,0
DA:16,0
DA:17,0
DA:18,0
DA:19,0
DA:20,0
DA:22,0
DA:24,0
DA:26,0
DA:27,0
DA:28,0
DA:29,0
DA:30,0
DA:31,0
DA:34,0
DA:35,0
DA:36,0
DA:37,0
DA:39,0
DA:40,0
DA:41,0
DA:42,0
DA:43,0
DA:44,0
DA:45,0
DA:46,0
DA:47,0
DA:49,0
DA:50,0
DA:51,0
DA:52,0
DA:53,0
DA:54,0
DA:56,0
DA:57,0
DA:58,0
DA:61,0
DA:62,0
DA:63,0
DA:64,0
DA:65,0
DA:67,0
DA:68,0
DA:71,0
DA:72,0
DA:74,0
DA:75,0
DA:76,0
DA:77,0
DA:81,0
DA:82,0
DA:83,0
DA:84,0
DA:85,0
DA:87,0
DA:88,0
DA:89,0
DA:91,0
DA:92,0
DA:93,0
DA:96,0
DA:98,0
DA:100,0
DA:101,0
DA:108,0
DA:109,0
DA:110,0
DA:112,0
DA:113,0
DA:114,0
DA:115,0
DA:117,0
DA:118,0
DA:119,0
DA:120,0
DA:122,0
DA:124,0
DA:125,0
DA:130,0
DA:132,0
LF:90
LH:0
BRDA:2,0,0,0
BRDA:2,0,1,0
BRDA:2,0,2,0
BRDA:4,1,0,0
BRDA:4,1,1,0
BRDA:4,1,2,0
BRDA:4,1,3,0
BRDA:6,2,0,0
BRDA:6,2,1,0
BRDA:12,3,0,0
BRDA:12,3,1,0
BRDA:15,4,0,0
BRDA:15,4,1,0
BRDA:15,4,2,0
BRDA:16,5,0,0
BRDA:16,5,1,0
BRDA:19,6,0,0
BRDA:19,6,1,0
BRDA:26,7,0,0
BRDA:26,7,1,0
BRDA:26,7,2,0
BRDA:27,8,0,0
BRDA:27,8,1,0
BRDA:30,9,0,0
BRDA:30,9,1,0
BRDA:31,10,0,0
BRDA:31,10,1,0
BRDA:34,11,0,0
BRDA:34,11,1,0
BRDA:34,11,2,0
BRDA:35,12,0,0
BRDA:35,12,1,0
BRDA:36,13,0,0
BRDA:36,13,1,0
BRDA:39,14,0,0
BRDA:39,14,1,0
BRDA:41,15,0,0
BRDA:41,15,1,0
BRDA:41,16,0,0
BRDA:41,16,1,0
BRDA:41,16,2,0
BRDA:41,17,0,0
BRDA:41,17,1,0
BRDA:41,18,0,0
BRDA:41,18,1,0
BRDA:41,19,0,0
BRDA:41,19,1,0
BRDA:41,20,0,0
BRDA:41,20,1,0
BRDA:42,21,0,0
BRDA:42,21,1,0
BRDA:43,22,0,0
BRDA:43,22,1,0
BRDA:43,22,2,0
BRDA:43,22,3,0
BRDA:43,22,4,0
BRDA:43,22,5,0
BRDA:49,23,0,0
BRDA:49,23,1,0
BRDA:49,24,0,0
BRDA:49,24,1,0
BRDA:49,24,2,0
BRDA:49,25,0,0
BRDA:49,25,1,0
BRDA:50,26,0,0
BRDA:50,26,1,0
BRDA:50,27,0,0
BRDA:50,27,1,0
BRDA:50,27,2,0
BRDA:50,27,3,0
BRDA:51,28,0,0
BRDA:51,28,1,0
BRDA:51,29,0,0
BRDA:51,29,1,0
BRDA:52,30,0,0
BRDA:52,30,1,0
BRDA:52,31,0,0
BRDA:52,31,1,0
BRDA:53,32,0,0
BRDA:53,32,1,0
BRDA:58,33,0,0
BRDA:58,33,1,0
BRDA:58,34,0,0
BRDA:58,34,1,0
BRDA:67,35,0,0
BRDA:67,35,1,0
BRDA:88,36,0,0
BRDA:88,36,1,0
BRDA:88,36,2,0
BRDA:92,37,0,0
BRDA:92,37,1,0
BRDA:109,38,0,0
BRDA:109,38,1,0
BRDA:114,39,0,0
BRDA:114,39,1,0
BRDA:114,40,0,0
BRDA:114,40,1,0
BRF:97
BRH:0
end_of_record
TN:
SF:/Users/shawn/Files/Project/react-dashboard/src/utilities/db/ResultDatabase.ts
FN:2,(anonymous_0)
FN:3,(anonymous_1)
FN:5,(anonymous_2)
FN:6,(anonymous_3)
FN:9,(anonymous_4)
FN:11,__
FN:15,(anonymous_6)
FN:16,(anonymous_7)
FN:17,fulfilled
FN:18,rejected
FN:19,step
FN:19,(anonymous_11)
FN:23,(anonymous_12)
FN:24,(anonymous_13)
FN:25,(anonymous_14)
FN:26,verb
FN:26,(anonymous_16)
FN:27,step
FN:55,(anonymous_18)
FN:57,ResultDatabase
FN:66,(anonymous_20)
FN:72,(anonymous_21)
FN:73,(anonymous_22)
FN:75,(anonymous_23)
FN:86,(anonymous_24)
FN:87,(anonymous_25)
FN:90,(anonymous_26)
FN:97,(anonymous_27)
FN:97,(anonymous_28)
FN:98,(anonymous_29)
FN:109,(anonymous_30)
FN:109,(anonymous_31)
FN:110,(anonymous_32)
FN:117,(anonymous_33)
FN:119,(anonymous_34)
FN:122,(anonymous_35)
FN:129,(anonymous_36)
FN:129,(anonymous_37)
FN:131,(anonymous_38)
FN:142,(anonymous_39)
FN:144,(anonymous_40)
FN:147,(anonymous_41)
FN:155,(anonymous_42)
FN:155,(anonymous_43)
FN:156,(anonymous_44)
FN:165,(anonymous_45)
FN:165,(anonymous_46)
FN:168,(anonymous_47)
FN:171,(anonymous_48)
FN:171,(anonymous_49)
FN:173,(anonymous_50)
FN:188,(anonymous_51)
FN:204,(anonymous_52)
FN:205,(anonymous_53)
FN:207,(anonymous_54)
FN:208,(anonymous_55)
FN:208,(anonymous_56)
FN:209,(anonymous_57)
FN:226,(anonymous_58)
FN:234,(anonymous_59)
FNF:60
FNH:0
FNDA:0,(anonymous_0)
FNDA:0,(anonymous_1)
FNDA:0,(anonymous_2)
FNDA:0,(anonymous_3)
FNDA:0,(anonymous_4)
FNDA:0,__
FNDA:0,(anonymous_6)
FNDA:0,(anonymous_7)
FNDA:0,fulfilled
FNDA:0,rejected
FNDA:0,step
FNDA:0,(anonymous_11)
FNDA:0,(anonymous_12)
FNDA:0,(anonymous_13)
FNDA:0,(anonymous_14)
FNDA:0,verb
FNDA:0,(anonymous_16)
FNDA:0,step
FNDA:0,(anonymous_18)
FNDA:0,ResultDatabase
FNDA:0,(anonymous_20)
FNDA:0,(anonymous_21)
FNDA:0,(anonymous_22)
FNDA:0,(anonymous_23)
FNDA:0,(anonymous_24)
FNDA:0,(anonymous_25)
FNDA:0,(anonymous_26)
FNDA:0,(anonymous_27)
FNDA:0,(anonymous_28)
FNDA:0,(anonymous_29)
FNDA:0,(anonymous_30)
FNDA:0,(anonymous_31)
FNDA:0,(anonymous_32)
FNDA:0,(anonymous_33)
FNDA:0,(anonymous_34)
FNDA:0,(anonymous_35)
FNDA:0,(anonymous_36)
FNDA:0,(anonymous_37)
FNDA:0,(anonymous_38)
FNDA:0,(anonymous_39)
FNDA:0,(anonymous_40)
FNDA:0,(anonymous_41)
FNDA:0,(anonymous_42)
FNDA:0,(anonymous_43)
FNDA:0,(anonymous_44)
FNDA:0,(anonymous_45)
FNDA:0,(anonymous_46)
FNDA:0,(anonymous_47)
FNDA:0,(anonymous_48)
FNDA:0,(anonymous_49)
FNDA:0,(anonymous_50)
FNDA:0,(anonymous_51)
FNDA:0,(anonymous_52)
FNDA:0,(anonymous_53)
FNDA:0,(anonymous_54)
FNDA:0,(anonymous_55)
FNDA:0,(anonymous_56)
FNDA:0,(anonymous_57)
FNDA:0,(anonymous_58)
FNDA:0,(anonymous_59)
DA:2,0
DA:3,0
DA:4,0
DA:5,0
DA:6,0
DA:7,0
DA:9,0
DA:10,0
DA:11,0
DA:12,0
DA:15,0
DA:16,0
DA:17,0
DA:18,0
DA:19,0
DA:20,0
DA:23,0
DA:24,0
DA:25,0
DA:26,0
DA:28,0
DA:29,0
DA:30,0
DA:31,0
DA:32,0
DA:33,0
DA:34,0
DA:35,0
DA:36,0
DA:38,0
DA:39,0
DA:40,0
DA:41,0
DA:42,0
DA:43,0
DA:45,0
DA:46,0
DA:47,0
DA:50,0
DA:51,0
DA:52,0
DA:53,0
DA:54,0
DA:55,0
DA:56,0
DA:58,0
DA:59,0
DA:62,0
DA:65,0
DA:66,0
DA:67,0
DA:68,0
DA:70,0
DA:72,0
DA:73,0
DA:75,0
DA:76,0
DA:77,0
DA:80,0
DA:82,0
DA:86,0
DA:87,0
DA:89,0
DA:90,0
DA:91,0
DA:92,0
DA:95,0
DA:97,0
DA:98,0
DA:99,0
DA:100,0
DA:102,0
DA:103,0
DA:105,0
DA:106,0
DA:109,0
DA:110,0
DA:111,0
DA:117,0
DA:118,0
DA:119,0
DA:121,0
DA:122,0
DA:123,0
DA:124,0
DA:127,0
DA:129,0
DA:131,0
DA:132,0
DA:133,0
DA:134,0
DA:136,0
DA:142,0
DA:143,0
DA:144,0
DA:146,0
DA:147,0
DA:148,0
DA:149,0
DA:150,0
DA:153,0
DA:155,0
DA:156,0
DA:157,0
DA:159,0
DA:161,0
DA:163,0
DA:165,0
DA:167,0
DA:168,0
DA:169,0
DA:170,0
DA:171,0
DA:173,0
DA:174,0
DA:176,0
DA:177,0
DA:178,0
DA:180,0
DA:181,0
DA:183,0
DA:184,0
DA:186,0
DA:187,0
DA:188,0
DA:190,0
DA:191,0
DA:192,0
DA:204,0
DA:205,0
DA:206,0
DA:207,0
DA:208,0
DA:209,0
DA:210,0
DA:212,0
DA:213,0
DA:217,0
DA:218,0
DA:219,0
DA:226,0
DA:227,0
DA:229,0
DA:231,0
DA:234,0
DA:235,0
DA:238,0
DA:240,0
DA:241,0
DA:243,0
DA:245,0
DA:247,0
DA:249,0
LF:153
LH:0
BRDA:2,0,0,0
BRDA:2,0,1,0
BRDA:2,0,2,0
BRDA:4,1,0,0
BRDA:4,1,1,0
BRDA:4,1,2,0
BRDA:4,1,3,0
BRDA:6,2,0,0
BRDA:6,2,1,0
BRDA:12,3,0,0
BRDA:12,3,1,0
BRDA:15,4,0,0
BRDA:15,4,1,0
BRDA:15,4,2,0
BRDA:16,5,0,0
BRDA:16,5,1,0
BRDA:19,6,0,0
BRDA:19,6,1,0
BRDA:20,7,0,0
BRDA:20,7,1,0
BRDA:23,8,0,0
BRDA:23,8,1,0
BRDA:23,8,2,0
BRDA:24,9,0,0
BRDA:24,9,1,0
BRDA:25,10,0,0
BRDA:25,10,1,0
BRDA:28,11,0,0
BRDA:28,11,1,0
BRDA:30,12,0,0
BRDA:30,12,1,0
BRDA:30,13,0,0
BRDA:30,13,1,0
BRDA:30,13,2,0
BRDA:30,14,0,0
BRDA:30,14,1,0
BRDA:30,15,0,0
BRDA:30,15,1,0
BRDA:30,16,0,0
BRDA:30,16,1,0
BRDA:30,17,0,0
BRDA:30,17,1,0
BRDA:31,18,0,0
BRDA:31,18,1,0
BRDA:32,19,0,0
BRDA:32,19,1,0
BRDA:32,19,2,0
BRDA:32,19,3,0
BRDA:32,19,4,0
BRDA:32,19,5,0
BRDA:38,20,0,0
BRDA:38,20,1,0
BRDA:38,21,0,0
BRDA:38,21,1,0
BRDA:38,21,2,0
BRDA:38,22,0,0
BRDA:38,22,1,0
BRDA:39,23,0,0
BRDA:39,23,1,0
BRDA:39,24,0,0
BRDA:39,24,1,0
BRDA:39,24,2,0
BRDA:39,24,3,0
BRDA:40,25,0,0
BRDA:40,25,1,0
BRDA:40,26,0,0
BRDA:40,26,1,0
BRDA:41,27,0,0
BRDA:41,27,1,0
BRDA:41,28,0,0
BRDA:41,28,1,0
BRDA:42,29,0,0
BRDA:42,29,1,0
BRDA:47,30,0,0
BRDA:47,30,1,0
BRDA:47,31,0,0
BRDA:47,31,1,0
BRDA:58,32,0,0
BRDA:58,32,1,0
BRDA:99,33,0,0
BRDA:99,33,1,0
BRDA:99,33,2,0
BRDA:118,34,0,0
BRDA:118,34,1,0
BRDA:133,35,0,0
BRDA:133,35,1,0
BRDA:143,36,0,0
BRDA:143,36,1,0
BRDA:157,37,0,0
BRDA:157,37,1,0
BRDA:174,38,0,0
BRDA:174,38,1,0
BRDA:174,38,2,0
BRDA:174,38,3,0
BRDA:174,38,4,0
BRDA:177,39,0,0
BRDA:177,39,1,0
BRDA:180,40,0,0
BRDA:180,40,1,0
BRDA:187,41,0,0
BRDA:187,41,1,0
BRDA:210,42,0,0
BRDA:210,42,1,0
BRDA:210,42,2,0
BRDA:212,43,0,0
BRDA:212,43,1,0
BRDA:227,44,0,0
BRDA:227,44,1,0
BRDA:238,45,0,0
BRDA:238,45,1,0
BRF:110
BRH:0
end_of_record
TN:
SF:/Users/shawn/Files/Project/react-dashboard/src/utilities/db/index.ts
FN:2,(anonymous_0)
FN:3,(anonymous_1)
FN:4,fulfilled
FN:5,rejected
FN:6,step
FN:6,(anonymous_5)
FN:10,(anonymous_6)
FN:11,(anonymous_7)
FN:12,(anonymous_8)
FN:13,verb
FN:13,(anonymous_10)
FN:14,step
FN:44,(anonymous_12)
FN:50,(anonymous_13)
FN:51,(anonymous_14)
FN:52,(anonymous_15)
FN:57,(anonymous_16)
FN:58,(anonymous_17)
FN:59,(anonymous_18)
FN:64,(anonymous_19)
FN:65,(anonymous_20)
FN:67,(anonymous_21)
FN:73,(anonymous_22)
FN:75,(anonymous_23)
FN:77,(anonymous_24)
FN:83,(anonymous_25)
FN:84,(anonymous_26)
FN:86,(anonymous_27)
FN:92,(anonymous_28)
FN:93,(anonymous_29)
FN:95,(anonymous_30)
FN:101,(anonymous_31)
FN:102,(anonymous_32)
FN:104,(anonymous_33)
FN:110,(anonymous_34)
FN:112,(anonymous_35)
FN:113,(anonymous_36)
FNF:37
FNH:0
FNDA:0,(anonymous_0)
FNDA:0,(anonymous_1)
FNDA:0,fulfilled
FNDA:0,rejected
FNDA:0,step
FNDA:0,(anonymous_5)
FNDA:0,(anonymous_6)
FNDA:0,(anonymous_7)
FNDA:0,(anonymous_8)
FNDA:0,verb
FNDA:0,(anonymous_10)
FNDA:0,step
FNDA:0,(anonymous_12)
FNDA:0,(anonymous_13)
FNDA:0,(anonymous_14)
FNDA:0,(anonymous_15)
FNDA:0,(anonymous_16)
FNDA:0,(anonymous_17)
FNDA:0,(anonymous_18)
FNDA:0,(anonymous_19)
FNDA:0,(anonymous_20)
FNDA:0,(anonymous_21)
FNDA:0,(anonymous_22)
FNDA:0,(anonymous_23)
FNDA:0,(anonymous_24)
FNDA:0,(anonymous_25)
FNDA:0,(anonymous_26)
FNDA:0,(anonymous_27)
FNDA:0,(anonymous_28)
FNDA:0,(anonymous_29)
FNDA:0,(anonymous_30)
FNDA:0,(anonymous_31)
FNDA:0,(anonymous_32)
FNDA:0,(anonymous_33)
FNDA:0,(anonymous_34)
FNDA:0,(anonymous_35)
FNDA:0,(anonymous_36)
DA:2,0
DA:3,0
DA:4,0
DA:5,0
DA:6,0
DA:7,0
DA:10,0
DA:11,0
DA:12,0
DA:13,0
DA:15,0
DA:16,0
DA:17,0
DA:18,0
DA:19,0
DA:20,0
DA:21,0
DA:22,0
DA:23,0
DA:25,0
DA:26,0
DA:27,0
DA:28,0
DA:29,0
DA:30,0
DA:32,0
DA:33,0
DA:34,0
DA:37,0
DA:38,0
DA:39,0
DA:40,0
DA:41,0
DA:42,0
DA:43,0
DA:45,0
DA:48,0
DA:51,0
DA:52,0
DA:53,0
DA:58,0
DA:59,0
DA:60,0
DA:65,0
DA:67,0
DA:68,0
DA:69,0
DA:74,0
DA:75,0
DA:77,0
DA:78,0
DA:79,0
DA:84,0
DA:86,0
DA:87,0
DA:88,0
DA:93,0
DA:95,0
DA:96,0
DA:97,0
DA:102,0
DA:104,0
DA:105,0
DA:106,0
DA:111,0
DA:112,0
DA:113,0
DA:114,0
LF:68
LH:0
BRDA:2,0,0,0
BRDA:2,0,1,0
BRDA:2,0,2,0
BRDA:3,1,0,0
BRDA:3,1,1,0
BRDA:6,2,0,0
BRDA:6,2,1,0
BRDA:7,3,0,0
BRDA:7,3,1,0
BRDA:10,4,0,0
BRDA:10,4,1,0
BRDA:10,4,2,0
BRDA:11,5,0,0
BRDA:11,5,1,0
BRDA:12,6,0,0
BRDA:12,6,1,0
BRDA:15,7,0,0
BRDA:15,7,1,0
BRDA:17,8,0,0
BRDA:17,8,1,0
BRDA:17,9,0,0
BRDA:17,9,1,0
BRDA:17,9,2,0
BRDA:17,10,0,0
BRDA:17,10,1,0
BRDA:17,11,0,0
BRDA:17,11,1,0
BRDA:17,12,0,0
BRDA:17,12,1,0
BRDA:17,13,0,0
BRDA:17,13,1,0
BRDA:18,14,0,0
BRDA:18,14,1,0
BRDA:19,15,0,0
BRDA:19,15,1,0
BRDA:19,15,2,0
BRDA:19,15,3,0
BRDA:19,15,4,0
BRDA:19,15,5,0
BRDA:25,16,0,0
BRDA:25,16,1,0
BRDA:25,17,0,0
BRDA:25,17,1,0
BRDA:25,17,2,0
BRDA:25,18,0,0
BRDA:25,18,1,0
BRDA:26,19,0,0
BRDA:26,19,1,0
BRDA:26,20,0,0
BRDA:26,20,1,0
BRDA:26,20,2,0
BRDA:26,20,3,0
BRDA:27,21,0,0
BRDA:27,21,1,0
BRDA:27,22,0,0
BRDA:27,22,1,0
BRDA:28,23,0,0
BRDA:28,23,1,0
BRDA:28,24,0,0
BRDA:28,24,1,0
BRDA:29,25,0,0
BRDA:29,25,1,0
BRDA:34,26,0,0
BRDA:34,26,1,0
BRDA:34,27,0,0
BRDA:34,27,1,0
BRDA:74,28,0,0
BRDA:74,28,1,0
BRDA:111,29,0,0
BRDA:111,29,1,0
BRF:70
BRH:0
end_of_record
